<?xml version="1.0" encoding="UTF-8"?>
<testsuites tests="17" failures="1" disabled="0" errors="0" time="10.738" timestamp="2026-04-06T20:28:19.289" name="AllTests">
  <testsuite name="ConnectorApiLiveTest" tests="17" failures="1" disabled="0" skipped="1" errors="0" time="10.738" timestamp="2026-04-06T20:28:19.289">
    <testcase name="HealthEndpointReturnsHealthyResponse" file="C:\VCC\themis\tests\test_connector_mode_api.cpp" line="285" status="run" result="completed" time="0.019" timestamp="2026-04-06T20:28:19.289" classname="ConnectorApiLiveTest" />
    <testcase name="HealthProbeEndpointsRespond" file="C:\VCC\themis\tests\test_connector_mode_api.cpp" line="295" status="run" result="completed" time="0.031" timestamp="2026-04-06T20:28:19.309" classname="ConnectorApiLiveTest" />
    <testcase name="VersionAndStatsEndpointsReturnJson" file="C:\VCC\themis\tests\test_connector_mode_api.cpp" line="303" status="run" result="completed" time="0.031" timestamp="2026-04-06T20:28:19.340" classname="ConnectorApiLiveTest" />
    <testcase name="MetricsEndpointReturnsPrometheusOrJson" file="C:\VCC\themis\tests\test_connector_mode_api.cpp" line="322" status="run" result="completed" time="0.031" timestamp="2026-04-06T20:28:19.372" classname="ConnectorApiLiveTest" />
    <testcase name="EntityCrudRoundTripWorksWhenAuthorized" file="C:\VCC\themis\tests\test_connector_mode_api.cpp" line="337" status="run" result="completed" time="0.064" timestamp="2026-04-06T20:28:19.404" classname="ConnectorApiLiveTest" />
    <testcase name="EntityValidationRejectsMissingKey" file="C:\VCC\themis\tests\test_connector_mode_api.cpp" line="365" status="run" result="completed" time="0.011" timestamp="2026-04-06T20:28:19.469" classname="ConnectorApiLiveTest" />
    <testcase name="AqlEndpointHandlesValidAndInvalidQueries" file="C:\VCC\themis\tests\test_connector_mode_api.cpp" line="371" status="run" result="completed" time="0.048" timestamp="2026-04-06T20:28:19.480" classname="ConnectorApiLiveTest" />
    <testcase name="AqlEndpointRejectsMalformedJson" file="C:\VCC\themis\tests\test_connector_mode_api.cpp" line="381" status="run" result="completed" time="0.03" timestamp="2026-04-06T20:28:19.528" classname="ConnectorApiLiveTest" />
    <testcase name="TransactionLifecycleWorksWhenAuthorized" file="C:\VCC\themis\tests\test_connector_mode_api.cpp" line="387" status="run" result="completed" time="0.032" timestamp="2026-04-06T20:28:19.559" classname="ConnectorApiLiveTest" />
    <testcase name="TransactionEndpointsValidateMissingTransactionId" file="C:\VCC\themis\tests\test_connector_mode_api.cpp" line="404" status="run" result="completed" time="0.028" timestamp="2026-04-06T20:28:19.592" classname="ConnectorApiLiveTest" />
    <testcase name="ConfigEndpointSupportsReadAndRejectsInvalidTimeout" file="C:\VCC\themis\tests\test_connector_mode_api.cpp" line="414" status="run" result="completed" time="0.03" timestamp="2026-04-06T20:28:19.620" classname="ConnectorApiLiveTest" />
    <testcase name="UnknownRouteReturns404Or405" file="C:\VCC\themis\tests\test_connector_mode_api.cpp" line="428" status="run" result="completed" time="0.031" timestamp="2026-04-06T20:28:19.650" classname="ConnectorApiLiveTest" />
    <testcase name="StatsRequestCountDoesNotGoBackwards" file="C:\VCC\themis\tests\test_connector_mode_api.cpp" line="434" status="run" result="completed" time="0.093" timestamp="2026-04-06T20:28:19.682" classname="ConnectorApiLiveTest" />
    <testcase name="IngestWorkspaceDocsAndRunRag" file="C:\VCC\themis\tests\test_connector_mode_api.cpp" line="461" status="run" result="skipped" time="1.087" timestamp="2026-04-06T20:28:19.776" classname="ConnectorApiLiveTest">
      <skipped message="C:\VCC\themis\tests\test_connector_mode_api.cpp:502&#x0A;RAG endpoint reachable but model/runtime is not ready yet&#x0A;"><![CDATA[C:\VCC\themis\tests\test_connector_mode_api.cpp:502
RAG endpoint reachable but model/runtime is not ready yet
]]></skipped>
    </testcase>
    <testcase name="LoadModelAndRunInferenceWhenConfigured" file="C:\VCC\themis\tests\test_connector_mode_api.cpp" line="512" status="run" result="completed" time="3.1" timestamp="2026-04-06T20:28:20.863" classname="ConnectorApiLiveTest" />
    <testcase name="TriggerLoRaTrainingJob" file="C:\VCC\themis\tests\test_connector_mode_api.cpp" line="569" status="run" result="completed" time="0.001" timestamp="2026-04-06T20:28:23.964" classname="ConnectorApiLiveTest" />
    <testcase name="LlmReadyAfterDownloadAndRagSummarizesDocuments" file="C:\VCC\themis\tests\test_connector_mode_api.cpp" line="617" status="run" result="completed" time="6.062" timestamp="2026-04-06T20:28:23.965" classname="ConnectorApiLiveTest">
      <failure message="unknown file&#x0A;C++ exception with description &quot;request failed for path /api/v1/llm/rag&quot; thrown in the test body.&#x0A;" type=""><![CDATA[unknown file
C++ exception with description "request failed for path /api/v1/llm/rag" thrown in the test body.
]]></failure>
    </testcase>
  </testsuite>
</testsuites>
