<?xml version="1.0" encoding="UTF-8"?>
<testsuites tests="17" failures="1" disabled="0" errors="0" time="7.897" timestamp="2026-04-06T20:28:30.157" name="AllTests">
  <testsuite name="ConnectorApiLiveTest" tests="17" failures="1" disabled="0" skipped="3" errors="0" time="7.897" timestamp="2026-04-06T20:28:30.157">
    <testcase name="HealthEndpointReturnsHealthyResponse" file="C:\VCC\themis\tests\test_connector_mode_api.cpp" line="285" status="run" result="completed" time="0.028" timestamp="2026-04-06T20:28:30.157" classname="ConnectorApiLiveTest" />
    <testcase name="HealthProbeEndpointsRespond" file="C:\VCC\themis\tests\test_connector_mode_api.cpp" line="295" status="run" result="completed" time="0.046" timestamp="2026-04-06T20:28:30.186" classname="ConnectorApiLiveTest" />
    <testcase name="VersionAndStatsEndpointsReturnJson" file="C:\VCC\themis\tests\test_connector_mode_api.cpp" line="303" status="run" result="completed" time="0.046" timestamp="2026-04-06T20:28:30.232" classname="ConnectorApiLiveTest" />
    <testcase name="MetricsEndpointReturnsPrometheusOrJson" file="C:\VCC\themis\tests\test_connector_mode_api.cpp" line="322" status="run" result="completed" time="0.016" timestamp="2026-04-06T20:28:30.279" classname="ConnectorApiLiveTest" />
    <testcase name="EntityCrudRoundTripWorksWhenAuthorized" file="C:\VCC\themis\tests\test_connector_mode_api.cpp" line="337" status="run" result="completed" time="0.063" timestamp="2026-04-06T20:28:30.296" classname="ConnectorApiLiveTest" />
    <testcase name="EntityValidationRejectsMissingKey" file="C:\VCC\themis\tests\test_connector_mode_api.cpp" line="365" status="run" result="completed" time="0.012" timestamp="2026-04-06T20:28:30.359" classname="ConnectorApiLiveTest" />
    <testcase name="AqlEndpointHandlesValidAndInvalidQueries" file="C:\VCC\themis\tests\test_connector_mode_api.cpp" line="371" status="run" result="completed" time="0.046" timestamp="2026-04-06T20:28:30.372" classname="ConnectorApiLiveTest" />
    <testcase name="AqlEndpointRejectsMalformedJson" file="C:\VCC\themis\tests\test_connector_mode_api.cpp" line="381" status="run" result="completed" time="0.03" timestamp="2026-04-06T20:28:30.418" classname="ConnectorApiLiveTest" />
    <testcase name="TransactionLifecycleWorksWhenAuthorized" file="C:\VCC\themis\tests\test_connector_mode_api.cpp" line="387" status="run" result="completed" time="0.048" timestamp="2026-04-06T20:28:30.449" classname="ConnectorApiLiveTest" />
    <testcase name="TransactionEndpointsValidateMissingTransactionId" file="C:\VCC\themis\tests\test_connector_mode_api.cpp" line="404" status="run" result="completed" time="0.029" timestamp="2026-04-06T20:28:30.498" classname="ConnectorApiLiveTest" />
    <testcase name="ConfigEndpointSupportsReadAndRejectsInvalidTimeout" file="C:\VCC\themis\tests\test_connector_mode_api.cpp" line="414" status="run" result="completed" time="0.048" timestamp="2026-04-06T20:28:30.528" classname="ConnectorApiLiveTest" />
    <testcase name="UnknownRouteReturns404Or405" file="C:\VCC\themis\tests\test_connector_mode_api.cpp" line="428" status="run" result="completed" time="0.031" timestamp="2026-04-06T20:28:30.576" classname="ConnectorApiLiveTest" />
    <testcase name="StatsRequestCountDoesNotGoBackwards" file="C:\VCC\themis\tests\test_connector_mode_api.cpp" line="434" status="run" result="completed" time="0.126" timestamp="2026-04-06T20:28:30.607" classname="ConnectorApiLiveTest" />
    <testcase name="IngestWorkspaceDocsAndRunRag" file="C:\VCC\themis\tests\test_connector_mode_api.cpp" line="461" status="run" result="completed" time="1.228" timestamp="2026-04-06T20:28:30.734" classname="ConnectorApiLiveTest">
      <failure message="unknown file&#x0A;C++ exception with description &quot;request failed for path /api/v1/llm/rag&quot; thrown in the test body.&#x0A;" type=""><![CDATA[unknown file
C++ exception with description "request failed for path /api/v1/llm/rag" thrown in the test body.
]]></failure>
    </testcase>
    <testcase name="LoadModelAndRunInferenceWhenConfigured" file="C:\VCC\themis\tests\test_connector_mode_api.cpp" line="512" status="run" result="skipped" time="2.04" timestamp="2026-04-06T20:28:31.963" classname="ConnectorApiLiveTest">
      <skipped message="C:\VCC\themis\tests\test_connector_mode_api.cpp:197&#x0A;ThemisDB connector endpoint is not reachable at 127.0.0.1:8765&#x0A;"><![CDATA[C:\VCC\themis\tests\test_connector_mode_api.cpp:197
ThemisDB connector endpoint is not reachable at 127.0.0.1:8765
]]></skipped>
    </testcase>
    <testcase name="TriggerLoRaTrainingJob" file="C:\VCC\themis\tests\test_connector_mode_api.cpp" line="569" status="run" result="skipped" time="2.022" timestamp="2026-04-06T20:28:34.003" classname="ConnectorApiLiveTest">
      <skipped message="C:\VCC\themis\tests\test_connector_mode_api.cpp:197&#x0A;ThemisDB connector endpoint is not reachable at 127.0.0.1:8765&#x0A;"><![CDATA[C:\VCC\themis\tests\test_connector_mode_api.cpp:197
ThemisDB connector endpoint is not reachable at 127.0.0.1:8765
]]></skipped>
    </testcase>
    <testcase name="LlmReadyAfterDownloadAndRagSummarizesDocuments" file="C:\VCC\themis\tests\test_connector_mode_api.cpp" line="617" status="run" result="skipped" time="2.028" timestamp="2026-04-06T20:28:36.025" classname="ConnectorApiLiveTest">
      <skipped message="C:\VCC\themis\tests\test_connector_mode_api.cpp:197&#x0A;ThemisDB connector endpoint is not reachable at 127.0.0.1:8765&#x0A;"><![CDATA[C:\VCC\themis\tests\test_connector_mode_api.cpp:197
ThemisDB connector endpoint is not reachable at 127.0.0.1:8765
]]></skipped>
    </testcase>
  </testsuite>
</testsuites>
