<?xml version="1.0" encoding="UTF-8"?>
<testsuites tests="10" failures="0" disabled="0" errors="0" time="0.004" timestamp="2026-07-19T10:48:09.373" name="AllTests">
  <testsuite name="AuditLoggerTest" tests="10" failures="0" disabled="0" skipped="10" errors="0" time="0.004" timestamp="2026-07-19T10:48:09.373">
    <testcase name="EncryptThenSignFlow" file="C:\Projects\ThemisDB\tests\audit\test_audit_logger.cpp" line="55" status="run" result="skipped" time="0." timestamp="2026-07-19T10:48:09.373" classname="AuditLoggerTest">
      <skipped message="C:\Projects\ThemisDB\tests\audit\test_audit_logger.cpp:29&#x0A;Field encryption unavailable: Feature &apos;field_encryption&apos; is not available in the COMMUNITY edition. Please upgrade to Enterprise or Hyperscaler Edition.&#x0A;"><![CDATA[C:\Projects\ThemisDB\tests\audit\test_audit_logger.cpp:29
Field encryption unavailable: Feature 'field_encryption' is not available in the COMMUNITY edition. Please upgrade to Enterprise or Hyperscaler Edition.
]]></skipped>
    </testcase>
    <testcase name="PlaintextSignFlow" file="C:\Projects\ThemisDB\tests\audit\test_audit_logger.cpp" line="95" status="run" result="skipped" time="0." timestamp="2026-07-19T10:48:09.374" classname="AuditLoggerTest">
      <skipped message="C:\Projects\ThemisDB\tests\audit\test_audit_logger.cpp:29&#x0A;Field encryption unavailable: Feature &apos;field_encryption&apos; is not available in the COMMUNITY edition. Please upgrade to Enterprise or Hyperscaler Edition.&#x0A;"><![CDATA[C:\Projects\ThemisDB\tests\audit\test_audit_logger.cpp:29
Field encryption unavailable: Feature 'field_encryption' is not available in the COMMUNITY edition. Please upgrade to Enterprise or Hyperscaler Edition.
]]></skipped>
    </testcase>
    <testcase name="DisabledLogger" file="C:\Projects\ThemisDB\tests\audit\test_audit_logger.cpp" line="126" status="run" result="skipped" time="0." timestamp="2026-07-19T10:48:09.374" classname="AuditLoggerTest">
      <skipped message="C:\Projects\ThemisDB\tests\audit\test_audit_logger.cpp:29&#x0A;Field encryption unavailable: Feature &apos;field_encryption&apos; is not available in the COMMUNITY edition. Please upgrade to Enterprise or Hyperscaler Edition.&#x0A;"><![CDATA[C:\Projects\ThemisDB\tests\audit\test_audit_logger.cpp:29
Field encryption unavailable: Feature 'field_encryption' is not available in the COMMUNITY edition. Please upgrade to Enterprise or Hyperscaler Edition.
]]></skipped>
    </testcase>
    <testcase name="MultipleEvents" file="C:\Projects\ThemisDB\tests\audit\test_audit_logger.cpp" line="140" status="run" result="skipped" time="0." timestamp="2026-07-19T10:48:09.375" classname="AuditLoggerTest">
      <skipped message="C:\Projects\ThemisDB\tests\audit\test_audit_logger.cpp:29&#x0A;Field encryption unavailable: Feature &apos;field_encryption&apos; is not available in the COMMUNITY edition. Please upgrade to Enterprise or Hyperscaler Edition.&#x0A;"><![CDATA[C:\Projects\ThemisDB\tests\audit\test_audit_logger.cpp:29
Field encryption unavailable: Feature 'field_encryption' is not available in the COMMUNITY edition. Please upgrade to Enterprise or Hyperscaler Edition.
]]></skipped>
    </testcase>
    <testcase name="EnumerateEntries" file="C:\Projects\ThemisDB\tests\audit\test_audit_logger.cpp" line="178" status="run" result="skipped" time="0." timestamp="2026-07-19T10:48:09.375" classname="AuditLoggerTest">
      <skipped message="C:\Projects\ThemisDB\tests\audit\test_audit_logger.cpp:29&#x0A;Field encryption unavailable: Feature &apos;field_encryption&apos; is not available in the COMMUNITY edition. Please upgrade to Enterprise or Hyperscaler Edition.&#x0A;"><![CDATA[C:\Projects\ThemisDB\tests\audit\test_audit_logger.cpp:29
Field encryption unavailable: Feature 'field_encryption' is not available in the COMMUNITY edition. Please upgrade to Enterprise or Hyperscaler Edition.
]]></skipped>
    </testcase>
    <testcase name="ArchiveOldEntries" file="C:\Projects\ThemisDB\tests\audit\test_audit_logger.cpp" line="206" status="run" result="skipped" time="0." timestamp="2026-07-19T10:48:09.375" classname="AuditLoggerTest">
      <skipped message="C:\Projects\ThemisDB\tests\audit\test_audit_logger.cpp:29&#x0A;Field encryption unavailable: Feature &apos;field_encryption&apos; is not available in the COMMUNITY edition. Please upgrade to Enterprise or Hyperscaler Edition.&#x0A;"><![CDATA[C:\Projects\ThemisDB\tests\audit\test_audit_logger.cpp:29
Field encryption unavailable: Feature 'field_encryption' is not available in the COMMUNITY edition. Please upgrade to Enterprise or Hyperscaler Edition.
]]></skipped>
    </testcase>
    <testcase name="PurgeOldEntries" file="C:\Projects\ThemisDB\tests\audit\test_audit_logger.cpp" line="278" status="run" result="skipped" time="0." timestamp="2026-07-19T10:48:09.376" classname="AuditLoggerTest">
      <skipped message="C:\Projects\ThemisDB\tests\audit\test_audit_logger.cpp:29&#x0A;Field encryption unavailable: Feature &apos;field_encryption&apos; is not available in the COMMUNITY edition. Please upgrade to Enterprise or Hyperscaler Edition.&#x0A;"><![CDATA[C:\Projects\ThemisDB\tests\audit\test_audit_logger.cpp:29
Field encryption unavailable: Feature 'field_encryption' is not available in the COMMUNITY edition. Please upgrade to Enterprise or Hyperscaler Edition.
]]></skipped>
    </testcase>
    <testcase name="RetentionWithNoOldEntries" file="C:\Projects\ThemisDB\tests\audit\test_audit_logger.cpp" line="335" status="run" result="skipped" time="0." timestamp="2026-07-19T10:48:09.376" classname="AuditLoggerTest">
      <skipped message="C:\Projects\ThemisDB\tests\audit\test_audit_logger.cpp:29&#x0A;Field encryption unavailable: Feature &apos;field_encryption&apos; is not available in the COMMUNITY edition. Please upgrade to Enterprise or Hyperscaler Edition.&#x0A;"><![CDATA[C:\Projects\ThemisDB\tests\audit\test_audit_logger.cpp:29
Field encryption unavailable: Feature 'field_encryption' is not available in the COMMUNITY edition. Please upgrade to Enterprise or Hyperscaler Edition.
]]></skipped>
    </testcase>
    <testcase name="LogRotationOnSizeLimit" file="C:\Projects\ThemisDB\tests\audit\test_audit_logger.cpp" line="382" status="run" result="skipped" time="0." timestamp="2026-07-19T10:48:09.377" classname="AuditLoggerTest">
      <skipped message="C:\Projects\ThemisDB\tests\audit\test_audit_logger.cpp:29&#x0A;Field encryption unavailable: Feature &apos;field_encryption&apos; is not available in the COMMUNITY edition. Please upgrade to Enterprise or Hyperscaler Edition.&#x0A;"><![CDATA[C:\Projects\ThemisDB\tests\audit\test_audit_logger.cpp:29
Field encryption unavailable: Feature 'field_encryption' is not available in the COMMUNITY edition. Please upgrade to Enterprise or Hyperscaler Edition.
]]></skipped>
    </testcase>
    <testcase name="SecondaryLogPathMirror" file="C:\Projects\ThemisDB\tests\audit\test_audit_logger.cpp" line="413" status="run" result="skipped" time="0." timestamp="2026-07-19T10:48:09.377" classname="AuditLoggerTest">
      <skipped message="C:\Projects\ThemisDB\tests\audit\test_audit_logger.cpp:29&#x0A;Field encryption unavailable: Feature &apos;field_encryption&apos; is not available in the COMMUNITY edition. Please upgrade to Enterprise or Hyperscaler Edition.&#x0A;"><![CDATA[C:\Projects\ThemisDB\tests\audit\test_audit_logger.cpp:29
Field encryption unavailable: Feature 'field_encryption' is not available in the COMMUNITY edition. Please upgrade to Enterprise or Hyperscaler Edition.
]]></skipped>
    </testcase>
  </testsuite>
</testsuites>
