<?xml version="1.0" encoding="UTF-8"?>
<testsuites tests="4" failures="0" disabled="0" errors="0" time="0.003" timestamp="2026-07-19T10:48:12.941" name="AllTests">
  <testsuite name="StorageQueryIndexExplicitDITest" tests="4" failures="0" disabled="0" skipped="4" errors="0" time="0.002" timestamp="2026-07-19T10:48:12.941">
    <testcase name="ExplicitDIStorageRoundTripUsesRealRocksDB" file="C:\Projects\ThemisDB\tests\storage\test_storage_query_index_explicit_di.cpp" line="95" status="run" result="skipped" time="0." timestamp="2026-07-19T10:48:12.941" classname="StorageQueryIndexExplicitDITest">
      <skipped message="C:\Projects\ThemisDB\tests\storage\test_storage_query_index_explicit_di.cpp:45&#x0A;Field encryption unavailable: Feature &apos;field_encryption&apos; is not available in the COMMUNITY edition. Please upgrade to Enterprise or Hyperscaler Edition.&#x0A;"><![CDATA[C:\Projects\ThemisDB\tests\storage\test_storage_query_index_explicit_di.cpp:45
Field encryption unavailable: Feature 'field_encryption' is not available in the COMMUNITY edition. Please upgrade to Enterprise or Hyperscaler Edition.
]]></skipped>
    </testcase>
    <testcase name="ExplicitDIStorageUsesQueryEvaluatorForFilters" file="C:\Projects\ThemisDB\tests\storage\test_storage_query_index_explicit_di.cpp" line="103" status="run" result="skipped" time="0." timestamp="2026-07-19T10:48:12.942" classname="StorageQueryIndexExplicitDITest">
      <skipped message="C:\Projects\ThemisDB\tests\storage\test_storage_query_index_explicit_di.cpp:45&#x0A;Field encryption unavailable: Feature &apos;field_encryption&apos; is not available in the COMMUNITY edition. Please upgrade to Enterprise or Hyperscaler Edition.&#x0A;"><![CDATA[C:\Projects\ThemisDB\tests\storage\test_storage_query_index_explicit_di.cpp:45
Field encryption unavailable: Feature 'field_encryption' is not available in the COMMUNITY edition. Please upgrade to Enterprise or Hyperscaler Edition.
]]></skipped>
    </testcase>
    <testcase name="ExplicitDIStorageIndexAndQueryComposeWithoutDefaultShims" file="C:\Projects\ThemisDB\tests\storage\test_storage_query_index_explicit_di.cpp" line="111" status="run" result="skipped" time="0." timestamp="2026-07-19T10:48:12.943" classname="StorageQueryIndexExplicitDITest">
      <skipped message="C:\Projects\ThemisDB\tests\storage\test_storage_query_index_explicit_di.cpp:45&#x0A;Field encryption unavailable: Feature &apos;field_encryption&apos; is not available in the COMMUNITY edition. Please upgrade to Enterprise or Hyperscaler Edition.&#x0A;"><![CDATA[C:\Projects\ThemisDB\tests\storage\test_storage_query_index_explicit_di.cpp:45
Field encryption unavailable: Feature 'field_encryption' is not available in the COMMUNITY edition. Please upgrade to Enterprise or Hyperscaler Edition.
]]></skipped>
    </testcase>
    <testcase name="ExplicitDIStorageEncryptsAndDecryptsWithConfiguredProvider" file="C:\Projects\ThemisDB\tests\storage\test_storage_query_index_explicit_di.cpp" line="132" status="run" result="skipped" time="0." timestamp="2026-07-19T10:48:12.943" classname="StorageQueryIndexExplicitDITest">
      <skipped message="C:\Projects\ThemisDB\tests\storage\test_storage_query_index_explicit_di.cpp:45&#x0A;Field encryption unavailable: Feature &apos;field_encryption&apos; is not available in the COMMUNITY edition. Please upgrade to Enterprise or Hyperscaler Edition.&#x0A;"><![CDATA[C:\Projects\ThemisDB\tests\storage\test_storage_query_index_explicit_di.cpp:45
Field encryption unavailable: Feature 'field_encryption' is not available in the COMMUNITY edition. Please upgrade to Enterprise or Hyperscaler Edition.
]]></skipped>
    </testcase>
  </testsuite>
</testsuites>
