<?xml version="1.0" encoding="UTF-8"?>
<testsuites tests="29" failures="0" disabled="0" errors="0" time="0.021" timestamp="2026-07-19T10:48:11.937" name="AllTests">
  <testsuite name="InputValidatorFuzzTest" tests="7" failures="0" disabled="0" skipped="0" errors="0" time="0.003" timestamp="2026-07-19T10:48:11.938">
    <testcase name="ValidatePath_InjectionPayloads_NeverCrash" file="C:\Projects\ThemisDB\tests\fuzz\test_fuzz_security.cpp" line="100" status="run" result="completed" time="0." timestamp="2026-07-19T10:48:11.938" classname="InputValidatorFuzzTest" />
    <testcase name="ValidatePath_TraversalStrings_AlwaysRejected" file="C:\Projects\ThemisDB\tests\fuzz\test_fuzz_security.cpp" line="109" status="run" result="completed" time="0." timestamp="2026-07-19T10:48:11.938" classname="InputValidatorFuzzTest" />
    <testcase name="SanitizeForLogs_InjectionPayloads_NeverCrash" file="C:\Projects\ThemisDB\tests\fuzz\test_fuzz_security.cpp" line="121" status="run" result="completed" time="0." timestamp="2026-07-19T10:48:11.938" classname="InputValidatorFuzzTest" />
    <testcase name="SanitizeForLogs_EmptyString_ReturnsEmpty" file="C:\Projects\ThemisDB\tests\fuzz\test_fuzz_security.cpp" line="130" status="run" result="completed" time="0." timestamp="2026-07-19T10:48:11.939" classname="InputValidatorFuzzTest" />
    <testcase name="SanitizeForLogs_ExactMaxLen_NotTruncated" file="C:\Projects\ThemisDB\tests\fuzz\test_fuzz_security.cpp" line="134" status="run" result="completed" time="0." timestamp="2026-07-19T10:48:11.939" classname="InputValidatorFuzzTest" />
    <testcase name="SanitizeForLogs_ControlChars_Stripped" file="C:\Projects\ThemisDB\tests\fuzz\test_fuzz_security.cpp" line="140" status="run" result="completed" time="0." timestamp="2026-07-19T10:48:11.939" classname="InputValidatorFuzzTest" />
    <testcase name="ValidateAqlRequest_MalformedPayloads_NeverCrash" file="C:\Projects\ThemisDB\tests\fuzz\test_fuzz_security.cpp" line="148" status="run" result="completed" time="0." timestamp="2026-07-19T10:48:11.940" classname="InputValidatorFuzzTest" />
  </testsuite>
  <testsuite name="PolicyEngineFuzzTest" tests="6" failures="0" disabled="0" skipped="0" errors="0" time="0.002" timestamp="2026-07-19T10:48:11.941">
    <testcase name="Authorize_InjectionSubjects_NeverCrash" file="C:\Projects\ThemisDB\tests\fuzz\test_fuzz_security.cpp" line="177" status="run" result="completed" time="0." timestamp="2026-07-19T10:48:11.941" classname="PolicyEngineFuzzTest" />
    <testcase name="Authorize_InjectionActions_NeverCrash" file="C:\Projects\ThemisDB\tests\fuzz\test_fuzz_security.cpp" line="195" status="run" result="completed" time="0." timestamp="2026-07-19T10:48:11.942" classname="PolicyEngineFuzzTest" />
    <testcase name="Authorize_InjectionResources_NeverCrash" file="C:\Projects\ThemisDB\tests\fuzz\test_fuzz_security.cpp" line="204" status="run" result="completed" time="0." timestamp="2026-07-19T10:48:11.942" classname="PolicyEngineFuzzTest" />
    <testcase name="Authorize_InjectionIPs_NeverCrash" file="C:\Projects\ThemisDB\tests\fuzz\test_fuzz_security.cpp" line="213" status="run" result="completed" time="0." timestamp="2026-07-19T10:48:11.942" classname="PolicyEngineFuzzTest" />
    <testcase name="AddPolicy_EmptyFields_NoCrash" file="C:\Projects\ThemisDB\tests\fuzz\test_fuzz_security.cpp" line="227" status="run" result="completed" time="0." timestamp="2026-07-19T10:48:11.943" classname="PolicyEngineFuzzTest" />
    <testcase name="AddRemovePolicy_RapidCycles_NoCorruption" file="C:\Projects\ThemisDB\tests\fuzz\test_fuzz_security.cpp" line="233" status="run" result="completed" time="0." timestamp="2026-07-19T10:48:11.943" classname="PolicyEngineFuzzTest" />
  </testsuite>
  <testsuite name="TokenBlacklistFuzzTest" tests="5" failures="0" disabled="0" skipped="0" errors="0" time="0.003" timestamp="2026-07-19T10:48:11.944">
    <testcase name="Revoke_InjectionJTIs_NeverCrash" file="C:\Projects\ThemisDB\tests\fuzz\test_fuzz_security.cpp" line="262" status="run" result="completed" time="0." timestamp="2026-07-19T10:48:11.944" classname="TokenBlacklistFuzzTest" />
    <testcase name="IsRevoked_InjectionJTIs_NeverCrash" file="C:\Projects\ThemisDB\tests\fuzz\test_fuzz_security.cpp" line="268" status="run" result="completed" time="0." timestamp="2026-07-19T10:48:11.945" classname="TokenBlacklistFuzzTest" />
    <testcase name="Revoke_NullByteJTI_Ignored" file="C:\Projects\ThemisDB\tests\fuzz\test_fuzz_security.cpp" line="277" status="run" result="completed" time="0." timestamp="2026-07-19T10:48:11.945" classname="TokenBlacklistFuzzTest" />
    <testcase name="Revoke_MaxLengthJTI_Stored" file="C:\Projects\ThemisDB\tests\fuzz\test_fuzz_security.cpp" line="283" status="run" result="completed" time="0." timestamp="2026-07-19T10:48:11.946" classname="TokenBlacklistFuzzTest" />
    <testcase name="IsRevoked_UnicodeJTI_NoUndefinedBehavior" file="C:\Projects\ThemisDB\tests\fuzz\test_fuzz_security.cpp" line="288" status="run" result="completed" time="0." timestamp="2026-07-19T10:48:11.947" classname="TokenBlacklistFuzzTest" />
  </testsuite>
  <testsuite name="RateLimiterFuzzTest" tests="4" failures="0" disabled="0" skipped="0" errors="0" time="0.002" timestamp="2026-07-19T10:48:11.947">
    <testcase name="AllowRequest_MalformedIPs_NeverCrash" file="C:\Projects\ThemisDB\tests\fuzz\test_fuzz_security.cpp" line="311" status="run" result="completed" time="0." timestamp="2026-07-19T10:48:11.947" classname="RateLimiterFuzzTest" />
    <testcase name="AllowRequest_MalformedUserIDs_NeverCrash" file="C:\Projects\ThemisDB\tests\fuzz\test_fuzz_security.cpp" line="328" status="run" result="completed" time="0." timestamp="2026-07-19T10:48:11.948" classname="RateLimiterFuzzTest" />
    <testcase name="BlacklistIP_MalformedIPs_NeverCrash" file="C:\Projects\ThemisDB\tests\fuzz\test_fuzz_security.cpp" line="338" status="run" result="completed" time="0." timestamp="2026-07-19T10:48:11.949" classname="RateLimiterFuzzTest" />
    <testcase name="HighVolumeRequests_StatsConsistent" file="C:\Projects\ThemisDB\tests\fuzz\test_fuzz_security.cpp" line="350" status="run" result="completed" time="0." timestamp="2026-07-19T10:48:11.949" classname="RateLimiterFuzzTest" />
  </testsuite>
  <testsuite name="AuditLoggerFuzzTest" tests="4" failures="0" disabled="0" skipped="4" errors="0" time="0.001" timestamp="2026-07-19T10:48:11.950">
    <testcase name="LogEvent_HugePayload_NoCrash" file="C:\Projects\ThemisDB\tests\fuzz\test_fuzz_security.cpp" line="394" status="run" result="skipped" time="0." timestamp="2026-07-19T10:48:11.950" classname="AuditLoggerFuzzTest">
      <skipped message="C:\Projects\ThemisDB\tests\fuzz\test_fuzz_security.cpp:370&#x0A;Field encryption unavailable: Feature &apos;field_encryption&apos; is not available in the COMMUNITY edition. Please upgrade to Enterprise or Hyperscaler Edition.&#x0A;"><![CDATA[C:\Projects\ThemisDB\tests\fuzz\test_fuzz_security.cpp:370
Field encryption unavailable: Feature 'field_encryption' is not available in the COMMUNITY edition. Please upgrade to Enterprise or Hyperscaler Edition.
]]></skipped>
    </testcase>
    <testcase name="LogSecurityEvent_AllEventTypes_NoCrash" file="C:\Projects\ThemisDB\tests\fuzz\test_fuzz_security.cpp" line="411" status="run" result="skipped" time="0." timestamp="2026-07-19T10:48:11.951" classname="AuditLoggerFuzzTest">
      <skipped message="C:\Projects\ThemisDB\tests\fuzz\test_fuzz_security.cpp:370&#x0A;Field encryption unavailable: Feature &apos;field_encryption&apos; is not available in the COMMUNITY edition. Please upgrade to Enterprise or Hyperscaler Edition.&#x0A;"><![CDATA[C:\Projects\ThemisDB\tests\fuzz\test_fuzz_security.cpp:370
Field encryption unavailable: Feature 'field_encryption' is not available in the COMMUNITY edition. Please upgrade to Enterprise or Hyperscaler Edition.
]]></skipped>
    </testcase>
    <testcase name="LogEvent_DeeplyNestedJson_NoCrash" file="C:\Projects\ThemisDB\tests\fuzz\test_fuzz_security.cpp" line="446" status="run" result="skipped" time="0." timestamp="2026-07-19T10:48:11.951" classname="AuditLoggerFuzzTest">
      <skipped message="C:\Projects\ThemisDB\tests\fuzz\test_fuzz_security.cpp:370&#x0A;Field encryption unavailable: Feature &apos;field_encryption&apos; is not available in the COMMUNITY edition. Please upgrade to Enterprise or Hyperscaler Edition.&#x0A;"><![CDATA[C:\Projects\ThemisDB\tests\fuzz\test_fuzz_security.cpp:370
Field encryption unavailable: Feature 'field_encryption' is not available in the COMMUNITY edition. Please upgrade to Enterprise or Hyperscaler Edition.
]]></skipped>
    </testcase>
    <testcase name="LogEvent_ControlCharsInFields_NoCrash" file="C:\Projects\ThemisDB\tests\fuzz\test_fuzz_security.cpp" line="466" status="run" result="skipped" time="0." timestamp="2026-07-19T10:48:11.951" classname="AuditLoggerFuzzTest">
      <skipped message="C:\Projects\ThemisDB\tests\fuzz\test_fuzz_security.cpp:370&#x0A;Field encryption unavailable: Feature &apos;field_encryption&apos; is not available in the COMMUNITY edition. Please upgrade to Enterprise or Hyperscaler Edition.&#x0A;"><![CDATA[C:\Projects\ThemisDB\tests\fuzz\test_fuzz_security.cpp:370
Field encryption unavailable: Feature 'field_encryption' is not available in the COMMUNITY edition. Please upgrade to Enterprise or Hyperscaler Edition.
]]></skipped>
    </testcase>
  </testsuite>
  <testsuite name="PasswordHashFuzzTest" tests="3" failures="0" disabled="0" skipped="0" errors="0" time="0.006" timestamp="2026-07-19T10:48:11.952">
    <testcase name="Register_MalformedPasswords_NeverCrash" file="C:\Projects\ThemisDB\tests\fuzz\test_fuzz_security.cpp" line="486" status="run" result="completed" time="0." timestamp="2026-07-19T10:48:11.952" classname="PasswordHashFuzzTest" />
    <testcase name="Register_ValidComplexPasswords_NeverCrash" file="C:\Projects\ThemisDB\tests\fuzz\test_fuzz_security.cpp" line="506" status="run" result="completed" time="0.004" timestamp="2026-07-19T10:48:11.952" classname="PasswordHashFuzzTest" />
    <testcase name="Authenticate_WrongPasswords_NeverCrash" file="C:\Projects\ThemisDB\tests\fuzz\test_fuzz_security.cpp" line="533" status="run" result="completed" time="0.001" timestamp="2026-07-19T10:48:11.957" classname="PasswordHashFuzzTest" />
  </testsuite>
</testsuites>
