<?xml version="1.0" encoding="UTF-8"?>
<testsuites tests="15" failures="0" disabled="0" errors="0" time="0.007" timestamp="2026-07-19T10:48:13.152" name="AllTests">
  <testsuite name="VectorEncryptionPhase1Test" tests="15" failures="0" disabled="0" skipped="15" errors="0" time="0.006" timestamp="2026-07-19T10:48:13.153">
    <testcase name="BasicEncryptDecrypt" file="C:\Projects\ThemisDB\tests\vector\test_vector_encryption_phase1.cpp" line="63" status="run" result="skipped" time="0." timestamp="2026-07-19T10:48:13.153" classname="VectorEncryptionPhase1Test">
      <skipped message="C:\Projects\ThemisDB\tests\vector\test_vector_encryption_phase1.cpp:39&#x0A;Field encryption unavailable: Feature &apos;field_encryption&apos; is not available in the COMMUNITY edition. Please upgrade to Enterprise or Hyperscaler Edition.&#x0A;"><![CDATA[C:\Projects\ThemisDB\tests\vector\test_vector_encryption_phase1.cpp:39
Field encryption unavailable: Feature 'field_encryption' is not available in the COMMUNITY edition. Please upgrade to Enterprise or Hyperscaler Edition.
]]></skipped>
    </testcase>
    <testcase name="EmptyVector" file="C:\Projects\ThemisDB\tests\vector\test_vector_encryption_phase1.cpp" line="84" status="run" result="skipped" time="0." timestamp="2026-07-19T10:48:13.153" classname="VectorEncryptionPhase1Test">
      <skipped message="C:\Projects\ThemisDB\tests\vector\test_vector_encryption_phase1.cpp:39&#x0A;Field encryption unavailable: Feature &apos;field_encryption&apos; is not available in the COMMUNITY edition. Please upgrade to Enterprise or Hyperscaler Edition.&#x0A;"><![CDATA[C:\Projects\ThemisDB\tests\vector\test_vector_encryption_phase1.cpp:39
Field encryption unavailable: Feature 'field_encryption' is not available in the COMMUNITY edition. Please upgrade to Enterprise or Hyperscaler Edition.
]]></skipped>
    </testcase>
    <testcase name="LargeVectors" file="C:\Projects\ThemisDB\tests\vector\test_vector_encryption_phase1.cpp" line="96" status="run" result="skipped" time="0." timestamp="2026-07-19T10:48:13.154" classname="VectorEncryptionPhase1Test">
      <skipped message="C:\Projects\ThemisDB\tests\vector\test_vector_encryption_phase1.cpp:39&#x0A;Field encryption unavailable: Feature &apos;field_encryption&apos; is not available in the COMMUNITY edition. Please upgrade to Enterprise or Hyperscaler Edition.&#x0A;"><![CDATA[C:\Projects\ThemisDB\tests\vector\test_vector_encryption_phase1.cpp:39
Field encryption unavailable: Feature 'field_encryption' is not available in the COMMUNITY edition. Please upgrade to Enterprise or Hyperscaler Edition.
]]></skipped>
    </testcase>
    <testcase name="PrecisionPreservation" file="C:\Projects\ThemisDB\tests\vector\test_vector_encryption_phase1.cpp" line="129" status="run" result="skipped" time="0." timestamp="2026-07-19T10:48:13.154" classname="VectorEncryptionPhase1Test">
      <skipped message="C:\Projects\ThemisDB\tests\vector\test_vector_encryption_phase1.cpp:39&#x0A;Field encryption unavailable: Feature &apos;field_encryption&apos; is not available in the COMMUNITY edition. Please upgrade to Enterprise or Hyperscaler Edition.&#x0A;"><![CDATA[C:\Projects\ThemisDB\tests\vector\test_vector_encryption_phase1.cpp:39
Field encryption unavailable: Feature 'field_encryption' is not available in the COMMUNITY edition. Please upgrade to Enterprise or Hyperscaler Edition.
]]></skipped>
    </testcase>
    <testcase name="Base64Roundtrip" file="C:\Projects\ThemisDB\tests\vector\test_vector_encryption_phase1.cpp" line="152" status="run" result="skipped" time="0." timestamp="2026-07-19T10:48:13.154" classname="VectorEncryptionPhase1Test">
      <skipped message="C:\Projects\ThemisDB\tests\vector\test_vector_encryption_phase1.cpp:39&#x0A;Field encryption unavailable: Feature &apos;field_encryption&apos; is not available in the COMMUNITY edition. Please upgrade to Enterprise or Hyperscaler Edition.&#x0A;"><![CDATA[C:\Projects\ThemisDB\tests\vector\test_vector_encryption_phase1.cpp:39
Field encryption unavailable: Feature 'field_encryption' is not available in the COMMUNITY edition. Please upgrade to Enterprise or Hyperscaler Edition.
]]></skipped>
    </testcase>
    <testcase name="JsonRoundtrip" file="C:\Projects\ThemisDB\tests\vector\test_vector_encryption_phase1.cpp" line="176" status="run" result="skipped" time="0." timestamp="2026-07-19T10:48:13.155" classname="VectorEncryptionPhase1Test">
      <skipped message="C:\Projects\ThemisDB\tests\vector\test_vector_encryption_phase1.cpp:39&#x0A;Field encryption unavailable: Feature &apos;field_encryption&apos; is not available in the COMMUNITY edition. Please upgrade to Enterprise or Hyperscaler Edition.&#x0A;"><![CDATA[C:\Projects\ThemisDB\tests\vector\test_vector_encryption_phase1.cpp:39
Field encryption unavailable: Feature 'field_encryption' is not available in the COMMUNITY edition. Please upgrade to Enterprise or Hyperscaler Edition.
]]></skipped>
    </testcase>
    <testcase name="ErrorMissingEncryption" file="C:\Projects\ThemisDB\tests\vector\test_vector_encryption_phase1.cpp" line="204" status="run" result="skipped" time="0." timestamp="2026-07-19T10:48:13.155" classname="VectorEncryptionPhase1Test">
      <skipped message="C:\Projects\ThemisDB\tests\vector\test_vector_encryption_phase1.cpp:39&#x0A;Field encryption unavailable: Feature &apos;field_encryption&apos; is not available in the COMMUNITY edition. Please upgrade to Enterprise or Hyperscaler Edition.&#x0A;"><![CDATA[C:\Projects\ThemisDB\tests\vector\test_vector_encryption_phase1.cpp:39
Field encryption unavailable: Feature 'field_encryption' is not available in the COMMUNITY edition. Please upgrade to Enterprise or Hyperscaler Edition.
]]></skipped>
    </testcase>
    <testcase name="ErrorDecryptEmpty" file="C:\Projects\ThemisDB\tests\vector\test_vector_encryption_phase1.cpp" line="220" status="run" result="skipped" time="0." timestamp="2026-07-19T10:48:13.156" classname="VectorEncryptionPhase1Test">
      <skipped message="C:\Projects\ThemisDB\tests\vector\test_vector_encryption_phase1.cpp:39&#x0A;Field encryption unavailable: Feature &apos;field_encryption&apos; is not available in the COMMUNITY edition. Please upgrade to Enterprise or Hyperscaler Edition.&#x0A;"><![CDATA[C:\Projects\ThemisDB\tests\vector\test_vector_encryption_phase1.cpp:39
Field encryption unavailable: Feature 'field_encryption' is not available in the COMMUNITY edition. Please upgrade to Enterprise or Hyperscaler Edition.
]]></skipped>
    </testcase>
    <testcase name="ErrorInvalidSerialization" file="C:\Projects\ThemisDB\tests\vector\test_vector_encryption_phase1.cpp" line="230" status="run" result="skipped" time="0." timestamp="2026-07-19T10:48:13.156" classname="VectorEncryptionPhase1Test">
      <skipped message="C:\Projects\ThemisDB\tests\vector\test_vector_encryption_phase1.cpp:39&#x0A;Field encryption unavailable: Feature &apos;field_encryption&apos; is not available in the COMMUNITY edition. Please upgrade to Enterprise or Hyperscaler Edition.&#x0A;"><![CDATA[C:\Projects\ThemisDB\tests\vector\test_vector_encryption_phase1.cpp:39
Field encryption unavailable: Feature 'field_encryption' is not available in the COMMUNITY edition. Please upgrade to Enterprise or Hyperscaler Edition.
]]></skipped>
    </testcase>
    <testcase name="KeyVersioning" file="C:\Projects\ThemisDB\tests\vector\test_vector_encryption_phase1.cpp" line="251" status="run" result="skipped" time="0." timestamp="2026-07-19T10:48:13.156" classname="VectorEncryptionPhase1Test">
      <skipped message="C:\Projects\ThemisDB\tests\vector\test_vector_encryption_phase1.cpp:39&#x0A;Field encryption unavailable: Feature &apos;field_encryption&apos; is not available in the COMMUNITY edition. Please upgrade to Enterprise or Hyperscaler Edition.&#x0A;"><![CDATA[C:\Projects\ThemisDB\tests\vector\test_vector_encryption_phase1.cpp:39
Field encryption unavailable: Feature 'field_encryption' is not available in the COMMUNITY edition. Please upgrade to Enterprise or Hyperscaler Edition.
]]></skipped>
    </testcase>
    <testcase name="IVRandomness" file="C:\Projects\ThemisDB\tests\vector\test_vector_encryption_phase1.cpp" line="281" status="run" result="skipped" time="0." timestamp="2026-07-19T10:48:13.157" classname="VectorEncryptionPhase1Test">
      <skipped message="C:\Projects\ThemisDB\tests\vector\test_vector_encryption_phase1.cpp:39&#x0A;Field encryption unavailable: Feature &apos;field_encryption&apos; is not available in the COMMUNITY edition. Please upgrade to Enterprise or Hyperscaler Edition.&#x0A;"><![CDATA[C:\Projects\ThemisDB\tests\vector\test_vector_encryption_phase1.cpp:39
Field encryption unavailable: Feature 'field_encryption' is not available in the COMMUNITY edition. Please upgrade to Enterprise or Hyperscaler Edition.
]]></skipped>
    </testcase>
    <testcase name="PerformanceBenchmark" file="C:\Projects\ThemisDB\tests\vector\test_vector_encryption_phase1.cpp" line="301" status="run" result="skipped" time="0." timestamp="2026-07-19T10:48:13.157" classname="VectorEncryptionPhase1Test">
      <skipped message="C:\Projects\ThemisDB\tests\vector\test_vector_encryption_phase1.cpp:39&#x0A;Field encryption unavailable: Feature &apos;field_encryption&apos; is not available in the COMMUNITY edition. Please upgrade to Enterprise or Hyperscaler Edition.&#x0A;"><![CDATA[C:\Projects\ThemisDB\tests\vector\test_vector_encryption_phase1.cpp:39
Field encryption unavailable: Feature 'field_encryption' is not available in the COMMUNITY edition. Please upgrade to Enterprise or Hyperscaler Edition.
]]></skipped>
    </testcase>
    <testcase name="NormalizedVectors" file="C:\Projects\ThemisDB\tests\vector\test_vector_encryption_phase1.cpp" line="368" status="run" result="skipped" time="0." timestamp="2026-07-19T10:48:13.158" classname="VectorEncryptionPhase1Test">
      <skipped message="C:\Projects\ThemisDB\tests\vector\test_vector_encryption_phase1.cpp:39&#x0A;Field encryption unavailable: Feature &apos;field_encryption&apos; is not available in the COMMUNITY edition. Please upgrade to Enterprise or Hyperscaler Edition.&#x0A;"><![CDATA[C:\Projects\ThemisDB\tests\vector\test_vector_encryption_phase1.cpp:39
Field encryption unavailable: Feature 'field_encryption' is not available in the COMMUNITY edition. Please upgrade to Enterprise or Hyperscaler Edition.
]]></skipped>
    </testcase>
    <testcase name="SparseVectors" file="C:\Projects\ThemisDB\tests\vector\test_vector_encryption_phase1.cpp" line="390" status="run" result="skipped" time="0." timestamp="2026-07-19T10:48:13.158" classname="VectorEncryptionPhase1Test">
      <skipped message="C:\Projects\ThemisDB\tests\vector\test_vector_encryption_phase1.cpp:39&#x0A;Field encryption unavailable: Feature &apos;field_encryption&apos; is not available in the COMMUNITY edition. Please upgrade to Enterprise or Hyperscaler Edition.&#x0A;"><![CDATA[C:\Projects\ThemisDB\tests\vector\test_vector_encryption_phase1.cpp:39
Field encryption unavailable: Feature 'field_encryption' is not available in the COMMUNITY edition. Please upgrade to Enterprise or Hyperscaler Edition.
]]></skipped>
    </testcase>
    <testcase name="FloatEdgeCases" file="C:\Projects\ThemisDB\tests\vector\test_vector_encryption_phase1.cpp" line="408" status="run" result="skipped" time="0." timestamp="2026-07-19T10:48:13.159" classname="VectorEncryptionPhase1Test">
      <skipped message="C:\Projects\ThemisDB\tests\vector\test_vector_encryption_phase1.cpp:39&#x0A;Field encryption unavailable: Feature &apos;field_encryption&apos; is not available in the COMMUNITY edition. Please upgrade to Enterprise or Hyperscaler Edition.&#x0A;"><![CDATA[C:\Projects\ThemisDB\tests\vector\test_vector_encryption_phase1.cpp:39
Field encryption unavailable: Feature 'field_encryption' is not available in the COMMUNITY edition. Please upgrade to Enterprise or Hyperscaler Edition.
]]></skipped>
    </testcase>
  </testsuite>
</testsuites>
