<?xml version="1.0" encoding="UTF-8"?>
<testsuites tests="15" failures="0" disabled="0" errors="0" time="0.007" timestamp="2026-07-23T18:20:14.115" name="AllTests">
  <testsuite name="FederatedTensorSummariesTest" tests="15" failures="0" disabled="0" skipped="0" errors="0" time="0.006" timestamp="2026-07-23T18:20:14.116">
    <testcase name="FS_01_ShardSummaryCreation" file="C:\Projects\ThemisDB\tests\tensor\test_federated_tensor_summaries.cpp" line="78" status="run" result="completed" time="0." timestamp="2026-07-23T18:20:14.116" classname="FederatedTensorSummariesTest" />
    <testcase name="FS_02_MultipleSummariesDifferentSizes" file="C:\Projects\ThemisDB\tests\tensor\test_federated_tensor_summaries.cpp" line="106" status="run" result="completed" time="0." timestamp="2026-07-23T18:20:14.116" classname="FederatedTensorSummariesTest" />
    <testcase name="FS_03_FederatedAggregation" file="C:\Projects\ThemisDB\tests\tensor\test_federated_tensor_summaries.cpp" line="142" status="run" result="completed" time="0." timestamp="2026-07-23T18:20:14.117" classname="FederatedTensorSummariesTest" />
    <testcase name="FS_04_ShardMetadataInFederated" file="C:\Projects\ThemisDB\tests\tensor\test_federated_tensor_summaries.cpp" line="166" status="run" result="completed" time="0." timestamp="2026-07-23T18:20:14.118" classname="FederatedTensorSummariesTest" />
    <testcase name="FS_05_SummaryFirstRoutingContext" file="C:\Projects\ThemisDB\tests\tensor\test_federated_tensor_summaries.cpp" line="194" status="run" result="completed" time="0." timestamp="2026-07-23T18:20:14.118" classname="FederatedTensorSummariesTest" />
    <testcase name="FS_06_MergingShardResults" file="C:\Projects\ThemisDB\tests\tensor\test_federated_tensor_summaries.cpp" line="217" status="run" result="completed" time="0." timestamp="2026-07-23T18:20:14.119" classname="FederatedTensorSummariesTest" />
    <testcase name="FS_07_EmptyShardScopes" file="C:\Projects\ThemisDB\tests\tensor\test_federated_tensor_summaries.cpp" line="262" status="run" result="completed" time="0." timestamp="2026-07-23T18:20:14.119" classname="FederatedTensorSummariesTest" />
    <testcase name="FS_08_ShardHealthMetadata" file="C:\Projects\ThemisDB\tests\tensor\test_federated_tensor_summaries.cpp" line="284" status="run" result="completed" time="0." timestamp="2026-07-23T18:20:14.120" classname="FederatedTensorSummariesTest" />
    <testcase name="FS_09_CompressionMetrics" file="C:\Projects\ThemisDB\tests\tensor\test_federated_tensor_summaries.cpp" line="308" status="run" result="completed" time="0." timestamp="2026-07-23T18:20:14.120" classname="FederatedTensorSummariesTest" />
    <testcase name="FS_10_ShardAwareClassification" file="C:\Projects\ThemisDB\tests\tensor\test_federated_tensor_summaries.cpp" line="334" status="run" result="completed" time="0." timestamp="2026-07-23T18:20:14.120" classname="FederatedTensorSummariesTest" />
    <testcase name="FS_11_AggregatedCandidateCounts" file="C:\Projects\ThemisDB\tests\tensor\test_federated_tensor_summaries.cpp" line="351" status="run" result="completed" time="0." timestamp="2026-07-23T18:20:14.121" classname="FederatedTensorSummariesTest" />
    <testcase name="FS_12_CrossShardRetrievalFlow" file="C:\Projects\ThemisDB\tests\tensor\test_federated_tensor_summaries.cpp" line="400" status="run" result="completed" time="0." timestamp="2026-07-23T18:20:14.121" classname="FederatedTensorSummariesTest" />
    <testcase name="FS_13_ShardScopePrefixes" file="C:\Projects\ThemisDB\tests\tensor\test_federated_tensor_summaries.cpp" line="427" status="run" result="completed" time="0." timestamp="2026-07-23T18:20:14.122" classname="FederatedTensorSummariesTest" />
    <testcase name="FS_14_TimestampMetadata" file="C:\Projects\ThemisDB\tests\tensor\test_federated_tensor_summaries.cpp" line="450" status="run" result="completed" time="0." timestamp="2026-07-23T18:20:14.122" classname="FederatedTensorSummariesTest" />
    <testcase name="FS_15_FalseNegativeRiskMetrics" file="C:\Projects\ThemisDB\tests\tensor\test_federated_tensor_summaries.cpp" line="473" status="run" result="completed" time="0." timestamp="2026-07-23T18:20:14.122" classname="FederatedTensorSummariesTest" />
  </testsuite>
</testsuites>
