<?xml version="1.0" encoding="UTF-8"?>
<testsuites tests="11" failures="0" disabled="0" errors="0" time="0.005" timestamp="2026-07-19T10:48:12.070" name="AllTests">
  <testsuite name="LazyReEncryptionTest" tests="11" failures="0" disabled="0" skipped="11" errors="0" time="0.004" timestamp="2026-07-19T10:48:12.071">
    <testcase name="BasicReEncryption_OldVersionToNew" file="C:\Projects\ThemisDB\tests\lazy\test_lazy_reencryption.cpp" line="59" status="run" result="skipped" time="0." timestamp="2026-07-19T10:48:12.071" classname="LazyReEncryptionTest">
      <skipped message="C:\Projects\ThemisDB\tests\lazy\test_lazy_reencryption.cpp:36&#x0A;Field encryption unavailable: Feature &apos;field_encryption&apos; is not available in the COMMUNITY edition. Please upgrade to Enterprise or Hyperscaler Edition.&#x0A;"><![CDATA[C:\Projects\ThemisDB\tests\lazy\test_lazy_reencryption.cpp:36
Field encryption unavailable: Feature 'field_encryption' is not available in the COMMUNITY edition. Please upgrade to Enterprise or Hyperscaler Edition.
]]></skipped>
    </testcase>
    <testcase name="NoReEncryption_LatestVersion" file="C:\Projects\ThemisDB\tests\lazy\test_lazy_reencryption.cpp" line="88" status="run" result="skipped" time="0." timestamp="2026-07-19T10:48:12.072" classname="LazyReEncryptionTest">
      <skipped message="C:\Projects\ThemisDB\tests\lazy\test_lazy_reencryption.cpp:36&#x0A;Field encryption unavailable: Feature &apos;field_encryption&apos; is not available in the COMMUNITY edition. Please upgrade to Enterprise or Hyperscaler Edition.&#x0A;"><![CDATA[C:\Projects\ThemisDB\tests\lazy\test_lazy_reencryption.cpp:36
Field encryption unavailable: Feature 'field_encryption' is not available in the COMMUNITY edition. Please upgrade to Enterprise or Hyperscaler Edition.
]]></skipped>
    </testcase>
    <testcase name="MultipleVersionJump_V1ToV4" file="C:\Projects\ThemisDB\tests\lazy\test_lazy_reencryption.cpp" line="114" status="run" result="skipped" time="0." timestamp="2026-07-19T10:48:12.072" classname="LazyReEncryptionTest">
      <skipped message="C:\Projects\ThemisDB\tests\lazy\test_lazy_reencryption.cpp:36&#x0A;Field encryption unavailable: Feature &apos;field_encryption&apos; is not available in the COMMUNITY edition. Please upgrade to Enterprise or Hyperscaler Edition.&#x0A;"><![CDATA[C:\Projects\ThemisDB\tests\lazy\test_lazy_reencryption.cpp:36
Field encryption unavailable: Feature 'field_encryption' is not available in the COMMUNITY edition. Please upgrade to Enterprise or Hyperscaler Edition.
]]></skipped>
    </testcase>
    <testcase name="NeedsReEncryption_DetectsOutdatedKey" file="C:\Projects\ThemisDB\tests\lazy\test_lazy_reencryption.cpp" line="144" status="run" result="skipped" time="0." timestamp="2026-07-19T10:48:12.072" classname="LazyReEncryptionTest">
      <skipped message="C:\Projects\ThemisDB\tests\lazy\test_lazy_reencryption.cpp:36&#x0A;Field encryption unavailable: Feature &apos;field_encryption&apos; is not available in the COMMUNITY edition. Please upgrade to Enterprise or Hyperscaler Edition.&#x0A;"><![CDATA[C:\Projects\ThemisDB\tests\lazy\test_lazy_reencryption.cpp:36
Field encryption unavailable: Feature 'field_encryption' is not available in the COMMUNITY edition. Please upgrade to Enterprise or Hyperscaler Edition.
]]></skipped>
    </testcase>
    <testcase name="NeedsReEncryption_LatestVersionReturnsFalse" file="C:\Projects\ThemisDB\tests\lazy\test_lazy_reencryption.cpp" line="158" status="run" result="skipped" time="0." timestamp="2026-07-19T10:48:12.073" classname="LazyReEncryptionTest">
      <skipped message="C:\Projects\ThemisDB\tests\lazy\test_lazy_reencryption.cpp:36&#x0A;Field encryption unavailable: Feature &apos;field_encryption&apos; is not available in the COMMUNITY edition. Please upgrade to Enterprise or Hyperscaler Edition.&#x0A;"><![CDATA[C:\Projects\ThemisDB\tests\lazy\test_lazy_reencryption.cpp:36
Field encryption unavailable: Feature 'field_encryption' is not available in the COMMUNITY edition. Please upgrade to Enterprise or Hyperscaler Edition.
]]></skipped>
    </testcase>
    <testcase name="BatchReEncryption_MixedVersions" file="C:\Projects\ThemisDB\tests\lazy\test_lazy_reencryption.cpp" line="171" status="run" result="skipped" time="0." timestamp="2026-07-19T10:48:12.073" classname="LazyReEncryptionTest">
      <skipped message="C:\Projects\ThemisDB\tests\lazy\test_lazy_reencryption.cpp:36&#x0A;Field encryption unavailable: Feature &apos;field_encryption&apos; is not available in the COMMUNITY edition. Please upgrade to Enterprise or Hyperscaler Edition.&#x0A;"><![CDATA[C:\Projects\ThemisDB\tests\lazy\test_lazy_reencryption.cpp:36
Field encryption unavailable: Feature 'field_encryption' is not available in the COMMUNITY edition. Please upgrade to Enterprise or Hyperscaler Edition.
]]></skipped>
    </testcase>
    <testcase name="ReEncryption_PreservesDataIntegrity" file="C:\Projects\ThemisDB\tests\lazy\test_lazy_reencryption.cpp" line="217" status="run" result="skipped" time="0." timestamp="2026-07-19T10:48:12.074" classname="LazyReEncryptionTest">
      <skipped message="C:\Projects\ThemisDB\tests\lazy\test_lazy_reencryption.cpp:36&#x0A;Field encryption unavailable: Feature &apos;field_encryption&apos; is not available in the COMMUNITY edition. Please upgrade to Enterprise or Hyperscaler Edition.&#x0A;"><![CDATA[C:\Projects\ThemisDB\tests\lazy\test_lazy_reencryption.cpp:36
Field encryption unavailable: Feature 'field_encryption' is not available in the COMMUNITY edition. Please upgrade to Enterprise or Hyperscaler Edition.
]]></skipped>
    </testcase>
    <testcase name="ReEncryptionFailure_StillReturnsDecryptedData" file="C:\Projects\ThemisDB\tests\lazy\test_lazy_reencryption.cpp" line="255" status="run" result="skipped" time="0." timestamp="2026-07-19T10:48:12.074" classname="LazyReEncryptionTest">
      <skipped message="C:\Projects\ThemisDB\tests\lazy\test_lazy_reencryption.cpp:36&#x0A;Field encryption unavailable: Feature &apos;field_encryption&apos; is not available in the COMMUNITY edition. Please upgrade to Enterprise or Hyperscaler Edition.&#x0A;"><![CDATA[C:\Projects\ThemisDB\tests\lazy\test_lazy_reencryption.cpp:36
Field encryption unavailable: Feature 'field_encryption' is not available in the COMMUNITY edition. Please upgrade to Enterprise or Hyperscaler Edition.
]]></skipped>
    </testcase>
    <testcase name="Performance_LazyReEncryptionOverhead" file="C:\Projects\ThemisDB\tests\lazy\test_lazy_reencryption.cpp" line="284" status="run" result="skipped" time="0." timestamp="2026-07-19T10:48:12.074" classname="LazyReEncryptionTest">
      <skipped message="C:\Projects\ThemisDB\tests\lazy\test_lazy_reencryption.cpp:36&#x0A;Field encryption unavailable: Feature &apos;field_encryption&apos; is not available in the COMMUNITY edition. Please upgrade to Enterprise or Hyperscaler Edition.&#x0A;"><![CDATA[C:\Projects\ThemisDB\tests\lazy\test_lazy_reencryption.cpp:36
Field encryption unavailable: Feature 'field_encryption' is not available in the COMMUNITY edition. Please upgrade to Enterprise or Hyperscaler Edition.
]]></skipped>
    </testcase>
    <testcase name="Concurrent_LazyReEncryption_ThreadSafe" file="C:\Projects\ThemisDB\tests\lazy\test_lazy_reencryption.cpp" line="317" status="run" result="skipped" time="0." timestamp="2026-07-19T10:48:12.075" classname="LazyReEncryptionTest">
      <skipped message="C:\Projects\ThemisDB\tests\lazy\test_lazy_reencryption.cpp:36&#x0A;Field encryption unavailable: Feature &apos;field_encryption&apos; is not available in the COMMUNITY edition. Please upgrade to Enterprise or Hyperscaler Edition.&#x0A;"><![CDATA[C:\Projects\ThemisDB\tests\lazy\test_lazy_reencryption.cpp:36
Field encryption unavailable: Feature 'field_encryption' is not available in the COMMUNITY edition. Please upgrade to Enterprise or Hyperscaler Edition.
]]></skipped>
    </testcase>
    <testcase name="Integration_UserDataMigration" file="C:\Projects\ThemisDB\tests\lazy\test_lazy_reencryption.cpp" line="365" status="run" result="skipped" time="0." timestamp="2026-07-19T10:48:12.075" classname="LazyReEncryptionTest">
      <skipped message="C:\Projects\ThemisDB\tests\lazy\test_lazy_reencryption.cpp:36&#x0A;Field encryption unavailable: Feature &apos;field_encryption&apos; is not available in the COMMUNITY edition. Please upgrade to Enterprise or Hyperscaler Edition.&#x0A;"><![CDATA[C:\Projects\ThemisDB\tests\lazy\test_lazy_reencryption.cpp:36
Field encryption unavailable: Feature 'field_encryption' is not available in the COMMUNITY edition. Please upgrade to Enterprise or Hyperscaler Edition.
]]></skipped>
    </testcase>
  </testsuite>
</testsuites>
