<?xml version="1.0" encoding="UTF-8"?>
<testsuites tests="17" failures="0" disabled="0" errors="0" time="0.009" timestamp="2026-07-19T10:48:12.547" name="AllTests">
  <testsuite name="FieldEncryptionDITest" tests="6" failures="0" disabled="0" skipped="6" errors="0" time="0.003" timestamp="2026-07-19T10:48:12.547">
    <testcase name="ConstructorAcceptsKeyProvider" file="C:\Projects\ThemisDB\tests\security\test_security_di.cpp" line="43" status="run" result="skipped" time="0." timestamp="2026-07-19T10:48:12.547" classname="FieldEncryptionDITest">
      <skipped message="C:\Projects\ThemisDB\tests\security\test_security_di.cpp:37&#x0A;Field encryption unavailable: Feature &apos;field_encryption&apos; is not available in the COMMUNITY edition. Please upgrade to Enterprise or Hyperscaler Edition.&#x0A;"><![CDATA[C:\Projects\ThemisDB\tests\security\test_security_di.cpp:37
Field encryption unavailable: Feature 'field_encryption' is not available in the COMMUNITY edition. Please upgrade to Enterprise or Hyperscaler Edition.
]]></skipped>
    </testcase>
    <testcase name="ConstructorRejectsNullKeyProvider" file="C:\Projects\ThemisDB\tests\security\test_security_di.cpp" line="48" status="run" result="skipped" time="0." timestamp="2026-07-19T10:48:12.548" classname="FieldEncryptionDITest">
      <skipped message="C:\Projects\ThemisDB\tests\security\test_security_di.cpp:37&#x0A;Field encryption unavailable: Feature &apos;field_encryption&apos; is not available in the COMMUNITY edition. Please upgrade to Enterprise or Hyperscaler Edition.&#x0A;"><![CDATA[C:\Projects\ThemisDB\tests\security\test_security_di.cpp:37
Field encryption unavailable: Feature 'field_encryption' is not available in the COMMUNITY edition. Please upgrade to Enterprise or Hyperscaler Edition.
]]></skipped>
    </testcase>
    <testcase name="EncryptsWithInjectedKeyProvider" file="C:\Projects\ThemisDB\tests\security\test_security_di.cpp" line="55" status="run" result="skipped" time="0." timestamp="2026-07-19T10:48:12.549" classname="FieldEncryptionDITest">
      <skipped message="C:\Projects\ThemisDB\tests\security\test_security_di.cpp:37&#x0A;Field encryption unavailable: Feature &apos;field_encryption&apos; is not available in the COMMUNITY edition. Please upgrade to Enterprise or Hyperscaler Edition.&#x0A;"><![CDATA[C:\Projects\ThemisDB\tests\security\test_security_di.cpp:37
Field encryption unavailable: Feature 'field_encryption' is not available in the COMMUNITY edition. Please upgrade to Enterprise or Hyperscaler Edition.
]]></skipped>
    </testcase>
    <testcase name="ShouldEncryptReturnsFalseForNonConfiguredFields" file="C:\Projects\ThemisDB\tests\security\test_security_di.cpp" line="70" status="run" result="skipped" time="0." timestamp="2026-07-19T10:48:12.549" classname="FieldEncryptionDITest">
      <skipped message="C:\Projects\ThemisDB\tests\security\test_security_di.cpp:37&#x0A;Field encryption unavailable: Feature &apos;field_encryption&apos; is not available in the COMMUNITY edition. Please upgrade to Enterprise or Hyperscaler Edition.&#x0A;"><![CDATA[C:\Projects\ThemisDB\tests\security\test_security_di.cpp:37
Field encryption unavailable: Feature 'field_encryption' is not available in the COMMUNITY edition. Please upgrade to Enterprise or Hyperscaler Edition.
]]></skipped>
    </testcase>
    <testcase name="ShouldEncryptReturnsTrueWhenNoConfigSet" file="C:\Projects\ThemisDB\tests\security\test_security_di.cpp" line="80" status="run" result="skipped" time="0." timestamp="2026-07-19T10:48:12.549" classname="FieldEncryptionDITest">
      <skipped message="C:\Projects\ThemisDB\tests\security\test_security_di.cpp:37&#x0A;Field encryption unavailable: Feature &apos;field_encryption&apos; is not available in the COMMUNITY edition. Please upgrade to Enterprise or Hyperscaler Edition.&#x0A;"><![CDATA[C:\Projects\ThemisDB\tests\security\test_security_di.cpp:37
Field encryption unavailable: Feature 'field_encryption' is not available in the COMMUNITY edition. Please upgrade to Enterprise or Hyperscaler Edition.
]]></skipped>
    </testcase>
    <testcase name="CreateDefaultFactoryWorks" file="C:\Projects\ThemisDB\tests\security\test_security_di.cpp" line="86" status="run" result="skipped" time="0." timestamp="2026-07-19T10:48:12.550" classname="FieldEncryptionDITest">
      <skipped message="C:\Projects\ThemisDB\tests\security\test_security_di.cpp:37&#x0A;Field encryption unavailable: Feature &apos;field_encryption&apos; is not available in the COMMUNITY edition. Please upgrade to Enterprise or Hyperscaler Edition.&#x0A;"><![CDATA[C:\Projects\ThemisDB\tests\security\test_security_di.cpp:37
Field encryption unavailable: Feature 'field_encryption' is not available in the COMMUNITY edition. Please upgrade to Enterprise or Hyperscaler Edition.
]]></skipped>
    </testcase>
  </testsuite>
  <testsuite name="RBACPolicyTest" tests="5" failures="0" disabled="0" skipped="5" errors="0" time="0.001" timestamp="2026-07-19T10:48:12.551">
    <testcase name="AdminCanWrite" file="C:\Projects\ThemisDB\tests\security\test_security_di.cpp" line="136" status="run" result="skipped" time="0." timestamp="2026-07-19T10:48:12.551" classname="RBACPolicyTest">
      <skipped message="C:\Projects\ThemisDB\tests\security\test_security_di.cpp:104&#x0A;RBAC unavailable: Feature &apos;rbac&apos; is not available in the COMMUNITY edition. Please upgrade to Enterprise or Hyperscaler Edition.&#x0A;"><![CDATA[C:\Projects\ThemisDB\tests\security\test_security_di.cpp:104
RBAC unavailable: Feature 'rbac' is not available in the COMMUNITY edition. Please upgrade to Enterprise or Hyperscaler Edition.
]]></skipped>
    </testcase>
    <testcase name="UserCannotDelete" file="C:\Projects\ThemisDB\tests\security\test_security_di.cpp" line="141" status="run" result="skipped" time="0." timestamp="2026-07-19T10:48:12.551" classname="RBACPolicyTest">
      <skipped message="C:\Projects\ThemisDB\tests\security\test_security_di.cpp:104&#x0A;RBAC unavailable: Feature &apos;rbac&apos; is not available in the COMMUNITY edition. Please upgrade to Enterprise or Hyperscaler Edition.&#x0A;"><![CDATA[C:\Projects\ThemisDB\tests\security\test_security_di.cpp:104
RBAC unavailable: Feature 'rbac' is not available in the COMMUNITY edition. Please upgrade to Enterprise or Hyperscaler Edition.
]]></skipped>
    </testcase>
    <testcase name="UserCanRead" file="C:\Projects\ThemisDB\tests\security\test_security_di.cpp" line="146" status="run" result="skipped" time="0." timestamp="2026-07-19T10:48:12.552" classname="RBACPolicyTest">
      <skipped message="C:\Projects\ThemisDB\tests\security\test_security_di.cpp:104&#x0A;RBAC unavailable: Feature &apos;rbac&apos; is not available in the COMMUNITY edition. Please upgrade to Enterprise or Hyperscaler Edition.&#x0A;"><![CDATA[C:\Projects\ThemisDB\tests\security\test_security_di.cpp:104
RBAC unavailable: Feature 'rbac' is not available in the COMMUNITY edition. Please upgrade to Enterprise or Hyperscaler Edition.
]]></skipped>
    </testcase>
    <testcase name="AnalystCanExport" file="C:\Projects\ThemisDB\tests\security\test_security_di.cpp" line="151" status="run" result="skipped" time="0." timestamp="2026-07-19T10:48:12.552" classname="RBACPolicyTest">
      <skipped message="C:\Projects\ThemisDB\tests\security\test_security_di.cpp:104&#x0A;RBAC unavailable: Feature &apos;rbac&apos; is not available in the COMMUNITY edition. Please upgrade to Enterprise or Hyperscaler Edition.&#x0A;"><![CDATA[C:\Projects\ThemisDB\tests\security\test_security_di.cpp:104
RBAC unavailable: Feature 'rbac' is not available in the COMMUNITY edition. Please upgrade to Enterprise or Hyperscaler Edition.
]]></skipped>
    </testcase>
    <testcase name="AnalystCannotWrite" file="C:\Projects\ThemisDB\tests\security\test_security_di.cpp" line="156" status="run" result="skipped" time="0." timestamp="2026-07-19T10:48:12.552" classname="RBACPolicyTest">
      <skipped message="C:\Projects\ThemisDB\tests\security\test_security_di.cpp:104&#x0A;RBAC unavailable: Feature &apos;rbac&apos; is not available in the COMMUNITY edition. Please upgrade to Enterprise or Hyperscaler Edition.&#x0A;"><![CDATA[C:\Projects\ThemisDB\tests\security\test_security_di.cpp:104
RBAC unavailable: Feature 'rbac' is not available in the COMMUNITY edition. Please upgrade to Enterprise or Hyperscaler Edition.
]]></skipped>
    </testcase>
  </testsuite>
  <testsuite name="SecurityLayerBuilderTest" tests="5" failures="0" disabled="0" skipped="5" errors="0" time="0.001" timestamp="2026-07-19T10:48:12.553">
    <testcase name="StandardBuilderWorks" file="C:\Projects\ThemisDB\tests\security\test_security_di.cpp" line="175" status="run" result="skipped" time="0." timestamp="2026-07-19T10:48:12.553" classname="SecurityLayerBuilderTest">
      <skipped message="C:\Projects\ThemisDB\tests\security\test_security_di.cpp:170&#x0A;Field encryption unavailable: Feature &apos;field_encryption&apos; is not available in the COMMUNITY edition. Please upgrade to Enterprise or Hyperscaler Edition.&#x0A;"><![CDATA[C:\Projects\ThemisDB\tests\security\test_security_di.cpp:170
Field encryption unavailable: Feature 'field_encryption' is not available in the COMMUNITY edition. Please upgrade to Enterprise or Hyperscaler Edition.
]]></skipped>
    </testcase>
    <testcase name="BuildWithLocalKeyProvider" file="C:\Projects\ThemisDB\tests\security\test_security_di.cpp" line="184" status="run" result="skipped" time="0." timestamp="2026-07-19T10:48:12.553" classname="SecurityLayerBuilderTest">
      <skipped message="C:\Projects\ThemisDB\tests\security\test_security_di.cpp:170&#x0A;Field encryption unavailable: Feature &apos;field_encryption&apos; is not available in the COMMUNITY edition. Please upgrade to Enterprise or Hyperscaler Edition.&#x0A;"><![CDATA[C:\Projects\ThemisDB\tests\security\test_security_di.cpp:170
Field encryption unavailable: Feature 'field_encryption' is not available in the COMMUNITY edition. Please upgrade to Enterprise or Hyperscaler Edition.
]]></skipped>
    </testcase>
    <testcase name="BuildWithFieldEncryptionConfig" file="C:\Projects\ThemisDB\tests\security\test_security_di.cpp" line="192" status="run" result="skipped" time="0." timestamp="2026-07-19T10:48:12.554" classname="SecurityLayerBuilderTest">
      <skipped message="C:\Projects\ThemisDB\tests\security\test_security_di.cpp:170&#x0A;Field encryption unavailable: Feature &apos;field_encryption&apos; is not available in the COMMUNITY edition. Please upgrade to Enterprise or Hyperscaler Edition.&#x0A;"><![CDATA[C:\Projects\ThemisDB\tests\security\test_security_di.cpp:170
Field encryption unavailable: Feature 'field_encryption' is not available in the COMMUNITY edition. Please upgrade to Enterprise or Hyperscaler Edition.
]]></skipped>
    </testcase>
    <testcase name="BuildWithRBACPolicy" file="C:\Projects\ThemisDB\tests\security\test_security_di.cpp" line="215" status="run" result="skipped" time="0." timestamp="2026-07-19T10:48:12.554" classname="SecurityLayerBuilderTest">
      <skipped message="C:\Projects\ThemisDB\tests\security\test_security_di.cpp:170&#x0A;Field encryption unavailable: Feature &apos;field_encryption&apos; is not available in the COMMUNITY edition. Please upgrade to Enterprise or Hyperscaler Edition.&#x0A;"><![CDATA[C:\Projects\ThemisDB\tests\security\test_security_di.cpp:170
Field encryption unavailable: Feature 'field_encryption' is not available in the COMMUNITY edition. Please upgrade to Enterprise or Hyperscaler Edition.
]]></skipped>
    </testcase>
    <testcase name="BuilderIsChainable" file="C:\Projects\ThemisDB\tests\security\test_security_di.cpp" line="225" status="run" result="skipped" time="0." timestamp="2026-07-19T10:48:12.555" classname="SecurityLayerBuilderTest">
      <skipped message="C:\Projects\ThemisDB\tests\security\test_security_di.cpp:170&#x0A;Field encryption unavailable: Feature &apos;field_encryption&apos; is not available in the COMMUNITY edition. Please upgrade to Enterprise or Hyperscaler Edition.&#x0A;"><![CDATA[C:\Projects\ThemisDB\tests\security\test_security_di.cpp:170
Field encryption unavailable: Feature 'field_encryption' is not available in the COMMUNITY edition. Please upgrade to Enterprise or Hyperscaler Edition.
]]></skipped>
    </testcase>
  </testsuite>
  <testsuite name="SecurityLayerIntegrationTest" tests="1" failures="0" disabled="0" skipped="1" errors="0" time="0." timestamp="2026-07-19T10:48:12.555">
    <testcase name="FullSecurityLayerWorks" file="C:\Projects\ThemisDB\tests\security\test_security_di.cpp" line="242" status="run" result="skipped" time="0." timestamp="2026-07-19T10:48:12.555" classname="SecurityLayerIntegrationTest">
      <skipped message="C:\Projects\ThemisDB\tests\security\test_security_di.cpp:245&#x0A;Field encryption unavailable: Feature &apos;field_encryption&apos; is not available in the COMMUNITY edition. Please upgrade to Enterprise or Hyperscaler Edition.&#x0A;"><![CDATA[C:\Projects\ThemisDB\tests\security\test_security_di.cpp:245
Field encryption unavailable: Feature 'field_encryption' is not available in the COMMUNITY edition. Please upgrade to Enterprise or Hyperscaler Edition.
]]></skipped>
    </testcase>
  </testsuite>
</testsuites>
