<?xml version="1.0" encoding="UTF-8"?>
<testsuites tests="65" failures="1" disabled="0" errors="0" time="7.267" timestamp="2026-04-01T19:01:07.232" name="AllTests">
  <testsuite name="CacheHitRateSloMonitorTest" tests="37" failures="0" disabled="0" skipped="0" errors="0" time="0.015" timestamp="2026-04-01T19:01:07.235">
    <testcase name="NoViolation_WhenHitRateAboveWarning" file="C:\VCC\themis\tests\test_cache_hit_rate_slo_monitor.cpp" line="100" status="run" result="completed" time="0." timestamp="2026-04-01T19:01:07.236" classname="CacheHitRateSloMonitorTest" />
    <testcase name="WarningFired_WhenHitRateBelowWarning" file="C:\VCC\themis\tests\test_cache_hit_rate_slo_monitor.cpp" line="114" status="run" result="completed" time="0." timestamp="2026-04-01T19:01:07.236" classname="CacheHitRateSloMonitorTest" />
    <testcase name="CriticalFired_WhenHitRateBelowCritical" file="C:\VCC\themis\tests\test_cache_hit_rate_slo_monitor.cpp" line="129" status="run" result="completed" time="0." timestamp="2026-04-01T19:01:07.236" classname="CacheHitRateSloMonitorTest" />
    <testcase name="AlertResolved_WhenHitRateRecovers" file="C:\VCC\themis\tests\test_cache_hit_rate_slo_monitor.cpp" line="143" status="run" result="completed" time="0." timestamp="2026-04-01T19:01:07.237" classname="CacheHitRateSloMonitorTest" />
    <testcase name="BelowMinRequests_NoAlertFired" file="C:\VCC\themis\tests\test_cache_hit_rate_slo_monitor.cpp" line="159" status="run" result="completed" time="0." timestamp="2026-04-01T19:01:07.237" classname="CacheHitRateSloMonitorTest" />
    <testcase name="NoAlertmanager_ViolationTrackedLocally" file="C:\VCC\themis\tests\test_cache_hit_rate_slo_monitor.cpp" line="172" status="run" result="completed" time="0." timestamp="2026-04-01T19:01:07.237" classname="CacheHitRateSloMonitorTest" />
    <testcase name="HitRateAggregatesAllTiers" file="C:\VCC\themis\tests\test_cache_hit_rate_slo_monitor.cpp" line="187" status="run" result="completed" time="0." timestamp="2026-04-01T19:01:07.237" classname="CacheHitRateSloMonitorTest" />
    <testcase name="ZeroRequests_NoEvaluation" file="C:\VCC\themis\tests\test_cache_hit_rate_slo_monitor.cpp" line="198" status="run" result="completed" time="0." timestamp="2026-04-01T19:01:07.238" classname="CacheHitRateSloMonitorTest" />
    <testcase name="GetStatus_ReflectsCurrentState" file="C:\VCC\themis\tests\test_cache_hit_rate_slo_monitor.cpp" line="213" status="run" result="completed" time="0." timestamp="2026-04-01T19:01:07.238" classname="CacheHitRateSloMonitorTest" />
    <testcase name="GetActiveAlertIds_ReturnsCorrectId" file="C:\VCC\themis\tests\test_cache_hit_rate_slo_monitor.cpp" line="226" status="run" result="completed" time="0." timestamp="2026-04-01T19:01:07.239" classname="CacheHitRateSloMonitorTest" />
    <testcase name="GetCurrentViolationLevel_MatchesEvaluation" file="C:\VCC\themis\tests\test_cache_hit_rate_slo_monitor.cpp" line="236" status="run" result="completed" time="0." timestamp="2026-04-01T19:01:07.240" classname="CacheHitRateSloMonitorTest" />
    <testcase name="EscalationFromWarningToCritical" file="C:\VCC\themis\tests\test_cache_hit_rate_slo_monitor.cpp" line="252" status="run" result="completed" time="0." timestamp="2026-04-01T19:01:07.240" classname="CacheHitRateSloMonitorTest" />
    <testcase name="ViolationLevelToString" file="C:\VCC\themis\tests\test_cache_hit_rate_slo_monitor.cpp" line="274" status="run" result="completed" time="0." timestamp="2026-04-01T19:01:07.241" classname="CacheHitRateSloMonitorTest" />
    <testcase name="SetAlertmanager_AlertsSentAfterSwap" file="C:\VCC\themis\tests\test_cache_hit_rate_slo_monitor.cpp" line="290" status="run" result="completed" time="0." timestamp="2026-04-01T19:01:07.242" classname="CacheHitRateSloMonitorTest" />
    <testcase name="Cooldown_SuppressesRepeatSameLevelAlert" file="C:\VCC\themis\tests\test_cache_hit_rate_slo_monitor.cpp" line="311" status="run" result="completed" time="0." timestamp="2026-04-01T19:01:07.242" classname="CacheHitRateSloMonitorTest" />
    <testcase name="AlertLabels_ContainRequiredFields" file="C:\VCC\themis\tests\test_cache_hit_rate_slo_monitor.cpp" line="335" status="run" result="completed" time="0." timestamp="2026-04-01T19:01:07.243" classname="CacheHitRateSloMonitorTest" />
    <testcase name="ConfigValidate_ValidConfig" file="C:\VCC\themis\tests\test_cache_hit_rate_slo_monitor.cpp" line="359" status="run" result="completed" time="0." timestamp="2026-04-01T19:01:07.243" classname="CacheHitRateSloMonitorTest" />
    <testcase name="ConfigValidate_CriticalNotLessThanWarning" file="C:\VCC\themis\tests\test_cache_hit_rate_slo_monitor.cpp" line="365" status="run" result="completed" time="0." timestamp="2026-04-01T19:01:07.244" classname="CacheHitRateSloMonitorTest" />
    <testcase name="ConfigValidate_ThresholdOutOfRange" file="C:\VCC\themis\tests\test_cache_hit_rate_slo_monitor.cpp" line="376" status="run" result="completed" time="0." timestamp="2026-04-01T19:01:07.244" classname="CacheHitRateSloMonitorTest" />
    <testcase name="ConfigValidate_NegativeCooldown" file="C:\VCC\themis\tests\test_cache_hit_rate_slo_monitor.cpp" line="386" status="run" result="completed" time="0." timestamp="2026-04-01T19:01:07.244" classname="CacheHitRateSloMonitorTest" />
    <testcase name="RecordLatency_PercentilesInEvaluationResult" file="C:\VCC\themis\tests\test_cache_hit_rate_slo_monitor.cpp" line="397" status="run" result="completed" time="0." timestamp="2026-04-01T19:01:07.245" classname="CacheHitRateSloMonitorTest" />
    <testcase name="RecordLatency_PerTierAllTiersContribute" file="C:\VCC\themis\tests\test_cache_hit_rate_slo_monitor.cpp" line="415" status="run" result="completed" time="0." timestamp="2026-04-01T19:01:07.245" classname="CacheHitRateSloMonitorTest" />
    <testcase name="RecordLatency_ZeroSamples_PercentilesAreZero" file="C:\VCC\themis\tests\test_cache_hit_rate_slo_monitor.cpp" line="436" status="run" result="completed" time="0." timestamp="2026-04-01T19:01:07.245" classname="CacheHitRateSloMonitorTest" />
    <testcase name="RecordLatency_NegativeValueClamped" file="C:\VCC\themis\tests\test_cache_hit_rate_slo_monitor.cpp" line="446" status="run" result="completed" time="0." timestamp="2026-04-01T19:01:07.246" classname="CacheHitRateSloMonitorTest" />
    <testcase name="LatencyAlert_WarningFiredWhenP99ExceedsWarnThreshold" file="C:\VCC\themis\tests\test_cache_hit_rate_slo_monitor.cpp" line="460" status="run" result="completed" time="0." timestamp="2026-04-01T19:01:07.246" classname="CacheHitRateSloMonitorTest" />
    <testcase name="LatencyAlert_CriticalFiredWhenP99ExceedsCriticalThreshold" file="C:\VCC\themis\tests\test_cache_hit_rate_slo_monitor.cpp" line="481" status="run" result="completed" time="0." timestamp="2026-04-01T19:01:07.246" classname="CacheHitRateSloMonitorTest" />
    <testcase name="LatencyAlert_NoAlertWhenBelowWarnThreshold" file="C:\VCC\themis\tests\test_cache_hit_rate_slo_monitor.cpp" line="500" status="run" result="completed" time="0." timestamp="2026-04-01T19:01:07.247" classname="CacheHitRateSloMonitorTest" />
    <testcase name="LatencyAlert_DisabledWhenThresholdsAreZero" file="C:\VCC\themis\tests\test_cache_hit_rate_slo_monitor.cpp" line="517" status="run" result="completed" time="0." timestamp="2026-04-01T19:01:07.247" classname="CacheHitRateSloMonitorTest" />
    <testcase name="LatencyAlert_ResolvedWhenLatencyRecovers" file="C:\VCC\themis\tests\test_cache_hit_rate_slo_monitor.cpp" line="532" status="run" result="completed" time="0." timestamp="2026-04-01T19:01:07.248" classname="CacheHitRateSloMonitorTest" />
    <testcase name="LatencyAlert_AlertIdContainsLatencyLabel" file="C:\VCC\themis\tests\test_cache_hit_rate_slo_monitor.cpp" line="562" status="run" result="completed" time="0." timestamp="2026-04-01T19:01:07.248" classname="CacheHitRateSloMonitorTest" />
    <testcase name="GetStatus_ExposesLatencyPercentiles" file="C:\VCC\themis\tests\test_cache_hit_rate_slo_monitor.cpp" line="584" status="run" result="completed" time="0." timestamp="2026-04-01T19:01:07.248" classname="CacheHitRateSloMonitorTest" />
    <testcase name="GetStatus_LatencyPerTierBreakdown" file="C:\VCC\themis\tests\test_cache_hit_rate_slo_monitor.cpp" line="599" status="run" result="completed" time="0." timestamp="2026-04-01T19:01:07.249" classname="CacheHitRateSloMonitorTest" />
    <testcase name="ConfigValidate_LatencyThresholdsValid" file="C:\VCC\themis\tests\test_cache_hit_rate_slo_monitor.cpp" line="626" status="run" result="completed" time="0." timestamp="2026-04-01T19:01:07.249" classname="CacheHitRateSloMonitorTest" />
    <testcase name="ConfigValidate_LatencyCriticalMustBeGreaterThanWarn" file="C:\VCC\themis\tests\test_cache_hit_rate_slo_monitor.cpp" line="634" status="run" result="completed" time="0." timestamp="2026-04-01T19:01:07.250" classname="CacheHitRateSloMonitorTest" />
    <testcase name="ConfigValidate_LatencyEqualThresholdsInvalid" file="C:\VCC\themis\tests\test_cache_hit_rate_slo_monitor.cpp" line="642" status="run" result="completed" time="0." timestamp="2026-04-01T19:01:07.250" classname="CacheHitRateSloMonitorTest" />
    <testcase name="ConfigValidate_LatencyNegativeThresholdInvalid" file="C:\VCC\themis\tests\test_cache_hit_rate_slo_monitor.cpp" line="649" status="run" result="completed" time="0." timestamp="2026-04-01T19:01:07.250" classname="CacheHitRateSloMonitorTest" />
    <testcase name="ConfigValidate_LatencyOnlyOneThresholdSetIsValid" file="C:\VCC\themis\tests\test_cache_hit_rate_slo_monitor.cpp" line="655" status="run" result="completed" time="0." timestamp="2026-04-01T19:01:07.251" classname="CacheHitRateSloMonitorTest" />
  </testsuite>
  <testsuite name="ChangefeedBufferTest" tests="23" failures="0" disabled="0" skipped="0" errors="0" time="3.086" timestamp="2026-04-01T19:01:07.251">
    <testcase name="NullChangefeedThrows" file="C:\VCC\themis\tests\test_cdc_changefeed_buffer.cpp" line="98" status="run" result="completed" time="0.18" timestamp="2026-04-01T19:01:07.251" classname="ChangefeedBufferTest" />
    <testcase name="ValidConstructionDoesNotThrow" file="C:\VCC\themis\tests\test_cdc_changefeed_buffer.cpp" line="102" status="run" result="completed" time="0.157" timestamp="2026-04-01T19:01:07.432" classname="ChangefeedBufferTest" />
    <testcase name="StartAndStopLifecycle" file="C:\VCC\themis\tests\test_cdc_changefeed_buffer.cpp" line="111" status="run" result="completed" time="0.244" timestamp="2026-04-01T19:01:07.590" classname="ChangefeedBufferTest" />
    <testcase name="DoubleStartIsIdempotent" file="C:\VCC\themis\tests\test_cdc_changefeed_buffer.cpp" line="123" status="run" result="completed" time="0.206" timestamp="2026-04-01T19:01:07.835" classname="ChangefeedBufferTest" />
    <testcase name="DestructorStopsBuffer" file="C:\VCC\themis\tests\test_cdc_changefeed_buffer.cpp" line="134" status="run" result="completed" time="0.194" timestamp="2026-04-01T19:01:08.043" classname="ChangefeedBufferTest" />
    <testcase name="RecordEventReturnsSequenceZeroWhileBuffered" file="C:\VCC\themis\tests\test_cdc_changefeed_buffer.cpp" line="151" status="run" result="completed" time="0.198" timestamp="2026-04-01T19:01:08.239" classname="ChangefeedBufferTest" />
    <testcase name="EmptyKeyReturnsEventWithoutRecording" file="C:\VCC\themis\tests\test_cdc_changefeed_buffer.cpp" line="165" status="run" result="completed" time="0.146" timestamp="2026-04-01T19:01:08.438" classname="ChangefeedBufferTest" />
    <testcase name="RecordMultipleEventsBeforeFlush" file="C:\VCC\themis\tests\test_cdc_changefeed_buffer.cpp" line="184" status="run" result="completed" time="0.212" timestamp="2026-04-01T19:01:08.586" classname="ChangefeedBufferTest" />
    <testcase name="ExplicitFlushWritesToChangefeed" file="C:\VCC\themis\tests\test_cdc_changefeed_buffer.cpp" line="205" status="run" result="completed" time="0.076" timestamp="2026-04-01T19:01:08.799" classname="ChangefeedBufferTest" />
    <testcase name="FlushEmptyBufferReturnsZero" file="C:\VCC\themis\tests\test_cdc_changefeed_buffer.cpp" line="226" status="run" result="completed" time="0.114" timestamp="2026-04-01T19:01:08.877" classname="ChangefeedBufferTest" />
    <testcase name="StopPerformsFinalFlush" file="C:\VCC\themis\tests\test_cdc_changefeed_buffer.cpp" line="238" status="run" result="completed" time="0.077" timestamp="2026-04-01T19:01:08.991" classname="ChangefeedBufferTest" />
    <testcase name="FlushForSpecificEventType" file="C:\VCC\themis\tests\test_cdc_changefeed_buffer.cpp" line="259" status="run" result="completed" time="0.076" timestamp="2026-04-01T19:01:09.070" classname="ChangefeedBufferTest" />
    <testcase name="FlushForUnknownTypeReturnsZero" file="C:\VCC\themis\tests\test_cdc_changefeed_buffer.cpp" line="278" status="run" result="completed" time="0.074" timestamp="2026-04-01T19:01:09.147" classname="ChangefeedBufferTest" />
    <testcase name="StatsInitiallyZero" file="C:\VCC\themis\tests\test_cdc_changefeed_buffer.cpp" line="295" status="run" result="completed" time="0.074" timestamp="2026-04-01T19:01:09.222" classname="ChangefeedBufferTest" />
    <testcase name="StatsTrackBufferedAndFlushedEvents" file="C:\VCC\themis\tests\test_cdc_changefeed_buffer.cpp" line="306" status="run" result="completed" time="0.117" timestamp="2026-04-01T19:01:09.298" classname="ChangefeedBufferTest" />
    <testcase name="SetConfigUpdatesFlushInterval" file="C:\VCC\themis\tests\test_cdc_changefeed_buffer.cpp" line="331" status="run" result="completed" time="0.074" timestamp="2026-04-01T19:01:09.416" classname="ChangefeedBufferTest" />
    <testcase name="AutoFlushWhenSizeThresholdReached" file="C:\VCC\themis\tests\test_cdc_changefeed_buffer.cpp" line="350" status="run" result="completed" time="0.074" timestamp="2026-04-01T19:01:09.492" classname="ChangefeedBufferTest" />
    <testcase name="CompressionEnabledDoesNotDropEvents" file="C:\VCC\themis\tests\test_cdc_changefeed_buffer.cpp" line="373" status="run" result="completed" time="0.075" timestamp="2026-04-01T19:01:09.567" classname="ChangefeedBufferTest" />
    <testcase name="CompressionDisabledStillFlushes" file="C:\VCC\themis\tests\test_cdc_changefeed_buffer.cpp" line="396" status="run" result="completed" time="0.118" timestamp="2026-04-01T19:01:09.643" classname="ChangefeedBufferTest" />
    <testcase name="RateLimitingConfigDoesNotCrash" file="C:\VCC\themis\tests\test_cdc_changefeed_buffer.cpp" line="415" status="run" result="completed" time="0.082" timestamp="2026-04-01T19:01:09.762" classname="ChangefeedBufferTest" />
    <testcase name="SetDeadLetterQueueAttaches" file="C:\VCC\themis\tests\test_cdc_changefeed_buffer.cpp" line="436" status="run" result="completed" time="0.081" timestamp="2026-04-01T19:01:09.845" classname="ChangefeedBufferTest" />
    <testcase name="AsyncFlushThreadStartsAndStops" file="C:\VCC\themis\tests\test_cdc_changefeed_buffer.cpp" line="454" status="run" result="completed" time="0.301" timestamp="2026-04-01T19:01:09.926" classname="ChangefeedBufferTest" />
    <testcase name="PutAndDeleteEventsBufferedSeparately" file="C:\VCC\themis\tests\test_cdc_changefeed_buffer.cpp" line="480" status="run" result="completed" time="0.108" timestamp="2026-04-01T19:01:10.229" classname="ChangefeedBufferTest" />
  </testsuite>
  <testsuite name="SequenceCounterTest" tests="5" failures="1" disabled="0" skipped="0" errors="0" time="4.163" timestamp="2026-04-01T19:01:10.338">
    <testcase name="SingleThreadMonotonicSequences" file="C:\VCC\themis\tests\test_cdc_changefeed_sequence_counter.cpp" line="217" status="run" result="completed" time="0.074" timestamp="2026-04-01T19:01:10.338" classname="SequenceCounterTest" />
    <testcase name="GetLatestSequenceReflectsCounter" file="C:\VCC\themis\tests\test_cdc_changefeed_sequence_counter.cpp" line="224" status="run" result="completed" time="0.075" timestamp="2026-04-01T19:01:10.413" classname="SequenceCounterTest" />
    <testcase name="NoDuplicateSequencesUnder8Threads" file="C:\VCC\themis\tests\test_cdc_changefeed_sequence_counter.cpp" line="236" status="run" result="completed" time="0.252" timestamp="2026-04-01T19:01:10.489" classname="SequenceCounterTest" />
    <testcase name="ThroughputAtLeast200KPerSecUnder8Threads" file="C:\VCC\themis\tests\test_cdc_changefeed_sequence_counter.cpp" line="277" status="run" result="completed" time="3.681" timestamp="2026-04-01T19:01:10.743" classname="SequenceCounterTest">
      <failure message="C:\VCC\themis\tests\test_cdc_changefeed_sequence_counter.cpp:298&#x0A;Expected: (throughput) &gt;= (200000.0), actual: 22788.971277350323 vs 200000&#x0A;Sequence throughput 22788 seq/s is below the 200K/s target&#x0A;" type=""><![CDATA[C:\VCC\themis\tests\test_cdc_changefeed_sequence_counter.cpp:298
Expected: (throughput) >= (200000.0), actual: 22788.971277350323 vs 200000
Sequence throughput 22788 seq/s is below the 200K/s target
]]></failure>
    </testcase>
    <testcase name="ClearResetsSequenceToZero" file="C:\VCC\themis\tests\test_cdc_changefeed_sequence_counter.cpp" line="354" status="run" result="completed" time="0.075" timestamp="2026-04-01T19:01:14.425" classname="SequenceCounterTest" />
  </testsuite>
</testsuites>
