<?xml version="1.0" encoding="UTF-8"?>
<testsuite name="(empty)"
	tests="3"
	failures="0"
	disabled="0"
	skipped="0"
	hostname=""
	time="6"
	timestamp="2026-04-04T09:50:51"
	>
	<testcase name="ShardingTransactionWALFocusedTests" classname="ShardingTransactionWALFocusedTests" time="0.108655" status="run">
		<properties>
			<property name="cmake_labels" value="2pc;saga;sharding;transaction;unit;wal"/>
		</properties>
		<system-out>Running main() from C:\VCC\themis\vcpkg\buildtrees\gtest\src\v1.17.0-0c449efaff.clean\googletest\src\gtest_main.cc
[==========] Running 17 tests from 3 test suites.
[----------] Global test environment set-up.
[----------] 15 tests from TransactionWALTest
[ RUN      ] TransactionWALTest.Initialize_CreatesDirectories
[2026-04-04 09:50:51.276] [info] Created transaction WAL directory: /tmp/themis_txn_wal_186443594454500
[2026-04-04 09:50:51.277] [info] Created transaction snapshot directory: /tmp/themis_txn_snap_186443594454500
[2026-04-04 09:50:51.277] [info] Transaction WAL initialized successfully
[       OK ] TransactionWALTest.Initialize_CreatesDirectories (2 ms)
[ RUN      ] TransactionWALTest.Initialize_DoubleInit_Succeeds
[2026-04-04 09:50:51.279] [info] Created transaction WAL directory: /tmp/themis_txn_wal_186443596986600
[2026-04-04 09:50:51.279] [info] Created transaction snapshot directory: /tmp/themis_txn_snap_186443596986600
[2026-04-04 09:50:51.279] [info] Transaction WAL initialized successfull...
[This part of the test output was removed since it exceeds the threshold of 1024 bytes.]
</system-out>
	</testcase>
	<testcase name="ShardingChaosFocusedTests" classname="ShardingChaosFocusedTests" time="6.63408" status="run">
		<properties>
			<property name="cmake_labels" value="chaos;focused;partition;resilience;sharding;split-brain;unit"/>
		</properties>
		<system-out>Running main() from C:\VCC\themis\vcpkg\buildtrees\gtest\src\v1.17.0-0c449efaff.clean\googletest\src\gtest_main.cc
[==========] Running 8 tests from 1 test suite.
[----------] Global test environment set-up.
[----------] 8 tests from ShardingChaosTest
[ RUN      ] ShardingChaosTest.NetworkPartitionScenario
[       OK ] ShardingChaosTest.NetworkPartitionScenario (148 ms)
[ RUN      ] ShardingChaosTest.CascadingFailureHandling
[       OK ] ShardingChaosTest.CascadingFailureHandling (221 ms)
[ RUN      ] ShardingChaosTest.RandomFailureInjection
[       OK ] ShardingChaosTest.RandomFailureInjection (4024 ms)
[ RUN      ] ShardingChaosTest.SplitBrainScenario
[       OK ] ShardingChaosTest.SplitBrainScenario (0 ms)
[ RUN      ] ShardingChaosTest.MultipleSimultaneousFailures
[       OK ] ShardingChaosTest.MultipleSimultaneousFailures (1948 ms)
[ RUN      ] ShardingChaosTest.SlowShardPerformanceDegradation
[       OK ] ShardingChaosTest.SlowShardPerformanceDegradation (170 ms)
[ RUN      ] ShardingChaosTest.Byzantine...
[This part of the test output was removed since it exceeds the threshold of 1024 bytes.]
</system-out>
	</testcase>
	<testcase name="ShardRpcIntegrationFocusedTests" classname="ShardRpcIntegrationFocusedTests" time="0.0487013" status="run">
		<properties>
			<property name="cmake_labels" value="cert-rotation;focused;metrics;mtls;retry-policy;rpc;sharding;unit;v1.8.0"/>
		</properties>
		<system-out>Running main() from C:\VCC\themis\vcpkg\buildtrees\gtest\src\v1.17.0-0c449efaff.clean\googletest\src\gtest_main.cc
[==========] Running 16 tests from 9 test suites.
[----------] Global test environment set-up.
[----------] 2 tests from ShardRpcRetryPolicyTest
[ RUN      ] ShardRpcRetryPolicyTest.DefaultValues
[       OK ] ShardRpcRetryPolicyTest.DefaultValues (0 ms)
[ RUN      ] ShardRpcRetryPolicyTest.CustomValues
[       OK ] ShardRpcRetryPolicyTest.CustomValues (0 ms)
[----------] 2 tests from ShardRpcRetryPolicyTest (0 ms total)

[----------] 3 tests from ShardRpcClientConfigPoolTest
[ RUN      ] ShardRpcClientConfigPoolTest.DefaultConnectionPoolConfig
[       OK ] ShardRpcClientConfigPoolTest.DefaultConnectionPoolConfig (0 ms)
[ RUN      ] ShardRpcClientConfigPoolTest.PoolPointerCanBeSet
Initialized MTLSConnectionPoolManager
Shutting down MTLSConnectionPoolManager with 0 endpoint pools
[       OK ] ShardRpcClientConfigPoolTest.PoolPointerCanBeSet (0 ms)
[ RUN      ] ShardRpcClientConfigPoolTest.Propagate...
[This part of the test output was removed since it exceeds the threshold of 1024 bytes.]
</system-out>
	</testcase>
</testsuite>
